[2025-02-06 15:16:25Z INFO HostContext] No proxy settings were found based on environmental variables (http_proxy/https_proxy/HTTP_PROXY/HTTPS_PROXY)
[2025-02-06 15:16:25Z INFO HostContext] Well known directory 'Bin': 'C:\Users\1033509\WorkSpace\plat-bulk-parquet-converter\actions-runner\bin'
[2025-02-06 15:16:25Z INFO HostContext] Well known directory 'Root': 'C:\Users\1033509\WorkSpace\plat-bulk-parquet-converter\actions-runner'
[2025-02-06 15:16:25Z INFO HostContext] Well known config file 'Credentials': 'C:\Users\1033509\WorkSpace\plat-bulk-parquet-converter\actions-runner\.credentials'
[2025-02-06 15:16:25Z INFO HostContext] Well known directory 'Bin': 'C:\Users\1033509\WorkSpace\plat-bulk-parquet-converter\actions-runner\bin'
[2025-02-06 15:16:25Z INFO HostContext] Well known directory 'Root': 'C:\Users\1033509\WorkSpace\plat-bulk-parquet-converter\actions-runner'
[2025-02-06 15:16:25Z INFO HostContext] Well known config file 'Runner': 'C:\Users\1033509\WorkSpace\plat-bulk-parquet-converter\actions-runner\.runner'
[2025-02-06 15:16:25Z INFO Listener] Runner is built for Windows (X64) - win-x64.
[2025-02-06 15:16:25Z INFO Listener] RuntimeInformation: Microsoft Windows 10.0.19045.
[2025-02-06 15:16:25Z INFO Listener] Version: 2.322.0
[2025-02-06 15:16:25Z INFO Listener] Commit: 0edc478ca75d0a753dcbcec7405f3f26db67b1ac
[2025-02-06 15:16:25Z INFO Listener] Culture: en-IN
[2025-02-06 15:16:25Z INFO Listener] UI Culture: en-US
[2025-02-06 15:16:25Z INFO HostContext] Well known directory 'Bin': 'C:\Users\1033509\WorkSpace\plat-bulk-parquet-converter\actions-runner\bin'
[2025-02-06 15:16:25Z INFO HostContext] Well known directory 'Root': 'C:\Users\1033509\WorkSpace\plat-bulk-parquet-converter\actions-runner'
[2025-02-06 15:16:25Z INFO Listener] Validating directory permissions for: 'C:\Users\1033509\WorkSpace\plat-bulk-parquet-converter\actions-runner'
[2025-02-06 15:16:25Z INFO CommandLineParser] Parse
[2025-02-06 15:16:25Z INFO CommandLineParser] Parsing 1 args
[2025-02-06 15:16:25Z INFO CommandLineParser] parsing argument
[2025-02-06 15:16:25Z INFO CommandLineParser] HasArgs: False
[2025-02-06 15:16:25Z INFO CommandLineParser] Adding Command: run
[2025-02-06 15:16:25Z INFO Listener] Arguments parsed
[2025-02-06 15:16:25Z INFO Runner] ExecuteCommand
[2025-02-06 15:16:25Z INFO ConfigurationStore] currentAssemblyLocation: C:\Users\1033509\WorkSpace\plat-bulk-parquet-converter\actions-runner\bin\Runner.Listener.dll
[2025-02-06 15:16:25Z INFO HostContext] Well known directory 'Bin': 'C:\Users\1033509\WorkSpace\plat-bulk-parquet-converter\actions-runner\bin'
[2025-02-06 15:16:25Z INFO ConfigurationStore] binPath: C:\Users\1033509\WorkSpace\plat-bulk-parquet-converter\actions-runner\bin
[2025-02-06 15:16:25Z INFO HostContext] Well known directory 'Bin': 'C:\Users\1033509\WorkSpace\plat-bulk-parquet-converter\actions-runner\bin'
[2025-02-06 15:16:25Z INFO HostContext] Well known directory 'Root': 'C:\Users\1033509\WorkSpace\plat-bulk-parquet-converter\actions-runner'
[2025-02-06 15:16:25Z INFO ConfigurationStore] RootFolder: C:\Users\1033509\WorkSpace\plat-bulk-parquet-converter\actions-runner
[2025-02-06 15:16:25Z INFO HostContext] Well known directory 'Bin': 'C:\Users\1033509\WorkSpace\plat-bulk-parquet-converter\actions-runner\bin'
[2025-02-06 15:16:25Z INFO HostContext] Well known directory 'Root': 'C:\Users\1033509\WorkSpace\plat-bulk-parquet-converter\actions-runner'
[2025-02-06 15:16:25Z INFO HostContext] Well known config file 'Runner': 'C:\Users\1033509\WorkSpace\plat-bulk-parquet-converter\actions-runner\.runner'
[2025-02-06 15:16:25Z INFO ConfigurationStore] ConfigFilePath: C:\Users\1033509\WorkSpace\plat-bulk-parquet-converter\actions-runner\.runner
[2025-02-06 15:16:25Z INFO HostContext] Well known directory 'Bin': 'C:\Users\1033509\WorkSpace\plat-bulk-parquet-converter\actions-runner\bin'
[2025-02-06 15:16:25Z INFO HostContext] Well known directory 'Root': 'C:\Users\1033509\WorkSpace\plat-bulk-parquet-converter\actions-runner'
[2025-02-06 15:16:25Z INFO HostContext] Well known config file 'Credentials': 'C:\Users\1033509\WorkSpace\plat-bulk-parquet-converter\actions-runner\.credentials'
[2025-02-06 15:16:25Z INFO ConfigurationStore] CredFilePath: C:\Users\1033509\WorkSpace\plat-bulk-parquet-converter\actions-runner\.credentials
[2025-02-06 15:16:25Z INFO HostContext] Well known directory 'Bin': 'C:\Users\1033509\WorkSpace\plat-bulk-parquet-converter\actions-runner\bin'
[2025-02-06 15:16:25Z INFO HostContext] Well known directory 'Root': 'C:\Users\1033509\WorkSpace\plat-bulk-parquet-converter\actions-runner'
[2025-02-06 15:16:25Z INFO HostContext] Well known config file 'MigratedCredentials': 'C:\Users\1033509\WorkSpace\plat-bulk-parquet-converter\actions-runner\.credentials_migrated'
[2025-02-06 15:16:25Z INFO ConfigurationStore] MigratedCredFilePath: C:\Users\1033509\WorkSpace\plat-bulk-parquet-converter\actions-runner\.credentials_migrated
[2025-02-06 15:16:25Z INFO HostContext] Well known directory 'Bin': 'C:\Users\1033509\WorkSpace\plat-bulk-parquet-converter\actions-runner\bin'
[2025-02-06 15:16:25Z INFO HostContext] Well known directory 'Root': 'C:\Users\1033509\WorkSpace\plat-bulk-parquet-converter\actions-runner'
[2025-02-06 15:16:25Z INFO HostContext] Well known config file 'Service': 'C:\Users\1033509\WorkSpace\plat-bulk-parquet-converter\actions-runner\.service'
[2025-02-06 15:16:25Z INFO ConfigurationStore] ServiceConfigFilePath: C:\Users\1033509\WorkSpace\plat-bulk-parquet-converter\actions-runner\.service
[2025-02-06 15:16:25Z INFO CommandSettings] Flag 'help': 'False'
[2025-02-06 15:16:25Z INFO CommandSettings] Flag 'version': 'False'
[2025-02-06 15:16:25Z INFO CommandSettings] Flag 'commit': 'False'
[2025-02-06 15:16:25Z INFO CommandSettings] Flag 'check': 'False'
[2025-02-06 15:16:25Z INFO CommandSettings] Command 'configure': 'False'
[2025-02-06 15:16:25Z INFO CommandSettings] Command 'remove': 'False'
[2025-02-06 15:16:25Z INFO CommandSettings] Command 'warmup': 'False'
[2025-02-06 15:16:25Z INFO ConfigurationManager] LoadSettings
[2025-02-06 15:16:25Z INFO ConfigurationStore] IsConfigured()
[2025-02-06 15:16:25Z INFO ConfigurationStore] IsConfigured: True
[2025-02-06 15:16:25Z INFO ConfigurationManager] Is configured: True
[2025-02-06 15:16:25Z INFO ConfigurationStore] Read setting file: 335 chars
[2025-02-06 15:16:25Z INFO ConfigurationManager] Settings Loaded
[2025-02-06 15:16:25Z INFO ConfigurationStore] IsServiceConfigured()
[2025-02-06 15:16:25Z INFO ConfigurationStore] IsServiceConfigured: False
[2025-02-06 15:16:25Z INFO CommandSettings] Command 'run': 'True'
[2025-02-06 15:16:25Z INFO ConfigurationStore] IsConfigured()
[2025-02-06 15:16:25Z INFO ConfigurationStore] IsConfigured: True
[2025-02-06 15:16:25Z INFO ConfigurationManager] Is configured: True
[2025-02-06 15:16:25Z INFO Runner] Could not parse the argument value '' for StartupType. Defaulting to Manual
[2025-02-06 15:16:25Z INFO Runner] Set runner startup type - Manual
[2025-02-06 15:16:25Z INFO CommandSettings] Flag 'once': 'False'
[2025-02-06 15:16:25Z INFO CommandSettings] Flag 'once': 'False'
[2025-02-06 15:16:25Z INFO Runner] RunAsync
[2025-02-06 15:16:25Z INFO ConfigurationManager] LoadSettings
[2025-02-06 15:16:25Z INFO ConfigurationStore] IsConfigured()
[2025-02-06 15:16:25Z INFO ConfigurationStore] IsConfigured: True
[2025-02-06 15:16:25Z INFO ConfigurationManager] Is configured: True
[2025-02-06 15:16:25Z INFO ConfigurationManager] Settings Loaded
[2025-02-06 15:16:25Z INFO MessageListener] {
  "AgentId": 2,
  "AgentName": "IN2-1033509LTT",
  "PoolId": 1,
  "PoolName": "Default",
  "ServerUrl": "https://pipelinesghubeus6.actions.githubusercontent.com/X5XTlu9XgqtC3fHMnS4JVoB8GrJzdEthU48HSwhEo0HNeqTWr3/",
  "GitHubUrl": "https://github.com/Plaban-Dwivedy_ghub/plat-bulk-parquet-converter",
  "WorkFolder": "_work"
}
[2025-02-06 15:16:25Z INFO MessageListener] Loading Credentials
[2025-02-06 15:16:25Z INFO ConfigurationStore] HasCredentials()
[2025-02-06 15:16:25Z INFO ConfigurationStore] stored True
[2025-02-06 15:16:25Z INFO CredentialManager] GetCredentialProvider
[2025-02-06 15:16:25Z INFO CredentialManager] Creating type OAuth
[2025-02-06 15:16:25Z INFO CredentialManager] Creating credential type: OAuth
[2025-02-06 15:16:25Z INFO HostContext] Well known directory 'Bin': 'C:\Users\1033509\WorkSpace\plat-bulk-parquet-converter\actions-runner\bin'
[2025-02-06 15:16:25Z INFO HostContext] Well known directory 'Root': 'C:\Users\1033509\WorkSpace\plat-bulk-parquet-converter\actions-runner'
[2025-02-06 15:16:25Z INFO HostContext] Well known config file 'RSACredentials': 'C:\Users\1033509\WorkSpace\plat-bulk-parquet-converter\actions-runner\.credentials_rsaparams'
[2025-02-06 15:16:25Z INFO RSAEncryptedFileKeyManager] Loading RSA key parameters from file C:\Users\1033509\WorkSpace\plat-bulk-parquet-converter\actions-runner\.credentials_rsaparams
[2025-02-06 15:16:25Z INFO MessageListener] Attempt to create session.
[2025-02-06 15:16:25Z INFO MessageListener] Connecting to the Runner Server...
[2025-02-06 15:16:25Z INFO RunnerServer] EstablishVssConnection
[2025-02-06 15:16:25Z INFO RunnerServer] Establish connection with 100 seconds timeout.
[2025-02-06 15:16:25Z INFO GitHubActionsService] Starting operation Location.GetConnectionData
[2025-02-06 15:16:25Z INFO RunnerServer] EstablishVssConnection
[2025-02-06 15:16:25Z INFO RunnerServer] Establish connection with 60 seconds timeout.
[2025-02-06 15:16:25Z INFO GitHubActionsService] Starting operation Location.GetConnectionData
[2025-02-06 15:16:25Z INFO RunnerServer] EstablishVssConnection
[2025-02-06 15:16:25Z INFO RunnerServer] Establish connection with 60 seconds timeout.
[2025-02-06 15:16:25Z INFO GitHubActionsService] Starting operation Location.GetConnectionData
[2025-02-06 15:16:27Z INFO GitHubActionsService] Finished operation Location.GetConnectionData
[2025-02-06 15:16:27Z INFO GitHubActionsService] Finished operation Location.GetConnectionData
[2025-02-06 15:16:27Z INFO GitHubActionsService] Finished operation Location.GetConnectionData
[2025-02-06 15:16:27Z INFO MessageListener] VssConnection created
[2025-02-06 15:16:27Z INFO Terminal] WRITE LINE: 
[2025-02-06 15:16:27Z INFO Terminal] WRITE LINE: 
[2025-02-06 15:16:27Z INFO RSAEncryptedFileKeyManager] Loading RSA key parameters from file C:\Users\1033509\WorkSpace\plat-bulk-parquet-converter\actions-runner\.credentials_rsaparams
[2025-02-06 15:16:27Z INFO RSAEncryptedFileKeyManager] Loading RSA key parameters from file C:\Users\1033509\WorkSpace\plat-bulk-parquet-converter\actions-runner\.credentials_rsaparams
[2025-02-06 15:16:29Z INFO GitHubActionsService] AAD Correlation ID for this token request: Unknown
[2025-02-06 15:16:29Z INFO MessageListener] Session created.
[2025-02-06 15:16:29Z INFO Terminal] WRITE LINE: Current runner version: '2.322.0'
[2025-02-06 15:16:29Z INFO Terminal] WRITE LINE: 2025-02-06 15:16:29Z: Listening for Jobs
[2025-02-06 15:16:29Z INFO JobDispatcher] Set runner/worker IPC timeout to 30 seconds.
[2025-02-06 15:16:29Z INFO RSAEncryptedFileKeyManager] Loading RSA key parameters from file C:\Users\1033509\WorkSpace\plat-bulk-parquet-converter\actions-runner\.credentials_rsaparams
[2025-02-06 15:16:31Z INFO GitHubActionsService] AAD Correlation ID for this token request: Unknown
[2025-02-06 15:18:56Z INFO MessageListener] Message '4843547098813608249' received from session '44c5acb1-a1a3-44ae-a7b2-ba980a46b648'.
[2025-02-06 15:18:56Z INFO ConfigurationStore] HasCredentials()
[2025-02-06 15:18:56Z INFO ConfigurationStore] stored True
[2025-02-06 15:18:56Z INFO CredentialManager] GetCredentialProvider
[2025-02-06 15:18:56Z INFO CredentialManager] Creating type OAuth
[2025-02-06 15:18:56Z INFO CredentialManager] Creating credential type: OAuth
[2025-02-06 15:18:56Z INFO RSAEncryptedFileKeyManager] Loading RSA key parameters from file C:\Users\1033509\WorkSpace\plat-bulk-parquet-converter\actions-runner\.credentials_rsaparams
[2025-02-06 15:18:56Z INFO ActionsRunServer] EstablishVssConnection
[2025-02-06 15:18:56Z INFO ActionsRunServer] Establish connection with 100 seconds timeout.
[2025-02-06 15:18:56Z INFO GitHubActionsService] Starting operation Location.GetConnectionData
[2025-02-06 15:18:57Z INFO GitHubActionsService] Finished operation Location.GetConnectionData
[2025-02-06 15:18:58Z INFO RSAEncryptedFileKeyManager] Loading RSA key parameters from file C:\Users\1033509\WorkSpace\plat-bulk-parquet-converter\actions-runner\.credentials_rsaparams
[2025-02-06 15:18:58Z INFO RSAEncryptedFileKeyManager] Loading RSA key parameters from file C:\Users\1033509\WorkSpace\plat-bulk-parquet-converter\actions-runner\.credentials_rsaparams
[2025-02-06 15:18:59Z INFO GitHubActionsService] AAD Correlation ID for this token request: Unknown
[2025-02-06 15:19:00Z INFO JobDispatcher] Job request 3 for plan e6e332f5-3732-4b42-8c30-a2e159b36cf1 job e07742bd-189a-5079-918b-43f8b2f94b89 received.
[2025-02-06 15:19:00Z INFO JobDispatcher] Pull OrchestrationId e6e332f5-3732-4b42-8c30-a2e159b36cf1.deploy.__default from JWT claims
[2025-02-06 15:19:00Z INFO MessageListener] Received job status event. JobState: Busy
[2025-02-06 15:19:00Z INFO MessageListener] _getMessagesTokenSource is already disposed.
[2025-02-06 15:19:00Z INFO Terminal] WRITE LINE: 2025-02-06 15:19:00Z: Running job: deploy
[2025-02-06 15:19:00Z INFO JobDispatcher] Start renew job request 3 for job e07742bd-189a-5079-918b-43f8b2f94b89.
[2025-02-06 15:19:01Z INFO JobDispatcher] Successfully renew job request 3, job is valid till 06-02-2025 15:29:01
[2025-02-06 15:19:01Z INFO HostContext] Well known directory 'Bin': 'C:\Users\1033509\WorkSpace\plat-bulk-parquet-converter\actions-runner\bin'
[2025-02-06 15:19:01Z INFO ProcessInvokerWrapper] Starting process:
[2025-02-06 15:19:01Z INFO ProcessInvokerWrapper]   File name: 'C:\Users\1033509\WorkSpace\plat-bulk-parquet-converter\actions-runner\bin\Runner.Worker.exe'
[2025-02-06 15:19:01Z INFO ProcessInvokerWrapper]   Arguments: 'spawnclient 1404 1412'
[2025-02-06 15:19:01Z INFO ProcessInvokerWrapper]   Working directory: 'C:\Users\1033509\WorkSpace\plat-bulk-parquet-converter\actions-runner\bin'
[2025-02-06 15:19:01Z INFO ProcessInvokerWrapper]   Require exit code zero: 'False'
[2025-02-06 15:19:01Z INFO ProcessInvokerWrapper]   Encoding web name:  ; code page: ''
[2025-02-06 15:19:01Z INFO ProcessInvokerWrapper]   Force kill process on cancellation: 'True'
[2025-02-06 15:19:01Z INFO ProcessInvokerWrapper]   Redirected STDIN: 'False'
[2025-02-06 15:19:01Z INFO ProcessInvokerWrapper]   Persist current code page: 'False'
[2025-02-06 15:19:01Z INFO ProcessInvokerWrapper]   Keep redirected STDIN open: 'False'
[2025-02-06 15:19:01Z INFO ProcessInvokerWrapper]   High priority process: 'True'
[2025-02-06 15:19:01Z INFO ProcessInvokerWrapper] Process started with process id 17692, waiting for process exit.
[2025-02-06 15:19:01Z INFO JobDispatcher] Send job request message to worker for job e07742bd-189a-5079-918b-43f8b2f94b89.
[2025-02-06 15:19:01Z INFO ProcessChannel] Sending message of length 25616, with hash 'cfd087efae94ee4b00dfc6ee1e36361fc28f1ecec2821d36418f2eb8a9d2f7b8'
[2025-02-06 15:19:01Z INFO JobNotification] Entering JobStarted Notification
[2025-02-06 15:19:01Z INFO JobNotification] Entering StartMonitor
[2025-02-06 15:20:01Z INFO JobDispatcher] Successfully renew job request 3, job is valid till 06-02-2025 15:30:01
[2025-02-06 15:21:02Z INFO JobDispatcher] Successfully renew job request 3, job is valid till 06-02-2025 15:31:01
[2025-02-06 15:22:02Z INFO JobDispatcher] Successfully renew job request 3, job is valid till 06-02-2025 15:32:02
[2025-02-06 15:23:02Z INFO JobDispatcher] Successfully renew job request 3, job is valid till 06-02-2025 15:33:02
[2025-02-06 15:24:03Z INFO JobDispatcher] Successfully renew job request 3, job is valid till 06-02-2025 15:34:02
[2025-02-06 15:25:03Z INFO JobDispatcher] Successfully renew job request 3, job is valid till 06-02-2025 15:35:03
[2025-02-06 15:26:04Z INFO JobDispatcher] Successfully renew job request 3, job is valid till 06-02-2025 15:36:03
[2025-02-06 15:27:04Z INFO JobDispatcher] Successfully renew job request 3, job is valid till 06-02-2025 15:37:04
[2025-02-06 15:28:04Z INFO JobDispatcher] Successfully renew job request 3, job is valid till 06-02-2025 15:38:04
[2025-02-06 15:29:05Z INFO JobDispatcher] Successfully renew job request 3, job is valid till 06-02-2025 15:39:04
[2025-02-06 15:30:05Z INFO JobDispatcher] Successfully renew job request 3, job is valid till 06-02-2025 15:40:05
[2025-02-06 15:31:05Z INFO JobDispatcher] Successfully renew job request 3, job is valid till 06-02-2025 15:41:05
[2025-02-06 15:32:06Z INFO JobDispatcher] Successfully renew job request 3, job is valid till 06-02-2025 15:42:05
[2025-02-06 15:33:06Z INFO JobDispatcher] Successfully renew job request 3, job is valid till 06-02-2025 15:43:06
[2025-02-06 15:34:06Z INFO JobDispatcher] Successfully renew job request 3, job is valid till 06-02-2025 15:44:06
[2025-02-06 15:35:07Z INFO JobDispatcher] Successfully renew job request 3, job is valid till 06-02-2025 15:45:06
[2025-02-06 15:36:07Z INFO JobDispatcher] Successfully renew job request 3, job is valid till 06-02-2025 15:46:07
[2025-02-06 15:37:08Z INFO JobDispatcher] Successfully renew job request 3, job is valid till 06-02-2025 15:47:07
[2025-02-06 15:38:08Z INFO JobDispatcher] Successfully renew job request 3, job is valid till 06-02-2025 15:48:08
[2025-02-06 15:39:09Z INFO JobDispatcher] Successfully renew job request 3, job is valid till 06-02-2025 15:49:08
[2025-02-06 15:40:09Z INFO JobDispatcher] Successfully renew job request 3, job is valid till 06-02-2025 15:50:09
[2025-02-06 15:41:09Z INFO JobDispatcher] Successfully renew job request 3, job is valid till 06-02-2025 15:51:09
[2025-02-06 15:42:10Z INFO JobDispatcher] Successfully renew job request 3, job is valid till 06-02-2025 15:52:09
[2025-02-06 15:43:10Z INFO JobDispatcher] Successfully renew job request 3, job is valid till 06-02-2025 15:53:10
[2025-02-06 15:44:11Z INFO JobDispatcher] Successfully renew job request 3, job is valid till 06-02-2025 15:54:10
[2025-02-06 15:45:11Z INFO JobDispatcher] Successfully renew job request 3, job is valid till 06-02-2025 15:55:11
[2025-02-06 15:46:12Z INFO JobDispatcher] Successfully renew job request 3, job is valid till 06-02-2025 15:56:11
[2025-02-06 15:47:12Z INFO JobDispatcher] Successfully renew job request 3, job is valid till 06-02-2025 15:57:12
[2025-02-06 15:48:12Z INFO JobDispatcher] Successfully renew job request 3, job is valid till 06-02-2025 15:58:12
[2025-02-06 15:49:13Z INFO JobDispatcher] Successfully renew job request 3, job is valid till 06-02-2025 15:59:12
[2025-02-06 15:49:29Z INFO MessageListener] No message retrieved from session '44c5acb1-a1a3-44ae-a7b2-ba980a46b648' within last 30 minutes.
[2025-02-06 15:50:13Z INFO JobDispatcher] Successfully renew job request 3, job is valid till 06-02-2025 16:00:13
[2025-02-06 15:51:13Z INFO JobDispatcher] Successfully renew job request 3, job is valid till 06-02-2025 16:01:13
[2025-02-06 15:52:14Z INFO JobDispatcher] Successfully renew job request 3, job is valid till 06-02-2025 16:02:13
[2025-02-06 15:53:14Z INFO JobDispatcher] Successfully renew job request 3, job is valid till 06-02-2025 16:03:14
[2025-02-06 15:54:15Z INFO JobDispatcher] Successfully renew job request 3, job is valid till 06-02-2025 16:04:14
[2025-02-06 15:55:15Z INFO JobDispatcher] Successfully renew job request 3, job is valid till 06-02-2025 16:05:15
[2025-02-06 15:56:15Z INFO JobDispatcher] Successfully renew job request 3, job is valid till 06-02-2025 16:06:15
[2025-02-06 15:57:16Z INFO JobDispatcher] Successfully renew job request 3, job is valid till 06-02-2025 16:07:15
[2025-02-06 15:58:16Z INFO JobDispatcher] Successfully renew job request 3, job is valid till 06-02-2025 16:08:16
[2025-02-06 15:59:17Z INFO JobDispatcher] Successfully renew job request 3, job is valid till 06-02-2025 16:09:16
[2025-02-06 16:00:17Z INFO JobDispatcher] Successfully renew job request 3, job is valid till 06-02-2025 16:10:17
[2025-02-06 16:01:17Z INFO JobDispatcher] Successfully renew job request 3, job is valid till 06-02-2025 16:11:17
[2025-02-06 16:02:18Z INFO JobDispatcher] Successfully renew job request 3, job is valid till 06-02-2025 16:12:17
[2025-02-06 16:03:18Z INFO JobDispatcher] Successfully renew job request 3, job is valid till 06-02-2025 16:13:18
[2025-02-06 16:04:19Z INFO JobDispatcher] Successfully renew job request 3, job is valid till 06-02-2025 16:14:18
[2025-02-06 16:05:19Z INFO JobDispatcher] Successfully renew job request 3, job is valid till 06-02-2025 16:15:19
[2025-02-06 16:06:19Z INFO JobDispatcher] Successfully renew job request 3, job is valid till 06-02-2025 16:16:19
[2025-02-06 16:07:17Z INFO RSAEncryptedFileKeyManager] Loading RSA key parameters from file C:\Users\1033509\WorkSpace\plat-bulk-parquet-converter\actions-runner\.credentials_rsaparams
[2025-02-06 16:07:19Z INFO GitHubActionsService] AAD Correlation ID for this token request: Unknown
[2025-02-06 16:07:20Z INFO JobDispatcher] Successfully renew job request 3, job is valid till 06-02-2025 16:17:19
[2025-02-06 16:08:20Z INFO JobDispatcher] Successfully renew job request 3, job is valid till 06-02-2025 16:18:20
[2025-02-06 16:09:21Z INFO JobDispatcher] Successfully renew job request 3, job is valid till 06-02-2025 16:19:20
[2025-02-06 16:10:21Z INFO JobDispatcher] Successfully renew job request 3, job is valid till 06-02-2025 16:20:21
[2025-02-06 16:11:22Z INFO JobDispatcher] Successfully renew job request 3, job is valid till 06-02-2025 16:21:21
[2025-02-06 16:11:34Z INFO RSAEncryptedFileKeyManager] Loading RSA key parameters from file C:\Users\1033509\WorkSpace\plat-bulk-parquet-converter\actions-runner\.credentials_rsaparams
[2025-02-06 16:11:36Z INFO GitHubActionsService] AAD Correlation ID for this token request: Unknown
[2025-02-06 16:12:22Z INFO JobDispatcher] Successfully renew job request 3, job is valid till 06-02-2025 16:22:22
[2025-02-06 16:13:22Z INFO JobDispatcher] Successfully renew job request 3, job is valid till 06-02-2025 16:23:22
[2025-02-06 16:14:23Z INFO JobDispatcher] Successfully renew job request 3, job is valid till 06-02-2025 16:24:22
[2025-02-06 16:15:23Z INFO JobDispatcher] Successfully renew job request 3, job is valid till 06-02-2025 16:25:23
[2025-02-06 16:16:24Z INFO JobDispatcher] Successfully renew job request 3, job is valid till 06-02-2025 16:26:23
[2025-02-06 16:17:24Z INFO JobDispatcher] Successfully renew job request 3, job is valid till 06-02-2025 16:27:24
[2025-02-06 16:18:24Z INFO JobDispatcher] Successfully renew job request 3, job is valid till 06-02-2025 16:28:24
[2025-02-06 16:19:25Z INFO JobDispatcher] Successfully renew job request 3, job is valid till 06-02-2025 16:29:24
[2025-02-06 16:20:05Z INFO MessageListener] No message retrieved from session '44c5acb1-a1a3-44ae-a7b2-ba980a46b648' within last 30 minutes.
[2025-02-06 16:20:25Z INFO JobDispatcher] Successfully renew job request 3, job is valid till 06-02-2025 16:30:25
[2025-02-06 16:21:25Z INFO JobDispatcher] Successfully renew job request 3, job is valid till 06-02-2025 16:31:25
[2025-02-06 16:21:28Z WARN GitHubActionsService] Attempt 1 of GET request to https://broker.actions.githubusercontent.com/message?sessionId=44c5acb1-a1a3-44ae-a7b2-ba980a46b648&status=Busy&runnerVersion=2.322.0&os=Windows&architecture=X64&disableUpdate=false failed (Socket Error: ConnectionReset). The operation will be retried in 10.868 seconds.
[2025-02-06 16:22:26Z INFO JobDispatcher] Successfully renew job request 3, job is valid till 06-02-2025 16:32:26
[2025-02-06 16:23:26Z INFO JobDispatcher] Successfully renew job request 3, job is valid till 06-02-2025 16:33:26
[2025-02-06 16:24:27Z INFO JobDispatcher] Successfully renew job request 3, job is valid till 06-02-2025 16:34:26
[2025-02-06 16:25:27Z INFO JobDispatcher] Successfully renew job request 3, job is valid till 06-02-2025 16:35:27
[2025-02-06 16:26:27Z INFO JobDispatcher] Successfully renew job request 3, job is valid till 06-02-2025 16:36:27
[2025-02-06 16:27:28Z INFO JobDispatcher] Successfully renew job request 3, job is valid till 06-02-2025 16:37:27
[2025-02-06 16:28:28Z INFO JobDispatcher] Successfully renew job request 3, job is valid till 06-02-2025 16:38:28
[2025-02-06 16:29:29Z INFO JobDispatcher] Successfully renew job request 3, job is valid till 06-02-2025 16:39:28
[2025-02-06 16:30:29Z INFO JobDispatcher] Successfully renew job request 3, job is valid till 06-02-2025 16:40:29
[2025-02-06 16:31:29Z INFO JobDispatcher] Successfully renew job request 3, job is valid till 06-02-2025 16:41:29
[2025-02-06 16:32:30Z INFO JobDispatcher] Successfully renew job request 3, job is valid till 06-02-2025 16:42:29
[2025-02-06 16:33:30Z INFO JobDispatcher] Successfully renew job request 3, job is valid till 06-02-2025 16:43:30
[2025-02-06 16:34:30Z INFO JobDispatcher] Successfully renew job request 3, job is valid till 06-02-2025 16:44:30
[2025-02-06 16:35:31Z INFO JobDispatcher] Successfully renew job request 3, job is valid till 06-02-2025 16:45:30
[2025-02-06 16:36:31Z INFO JobDispatcher] Successfully renew job request 3, job is valid till 06-02-2025 16:46:31
[2025-02-06 16:37:31Z INFO JobDispatcher] Successfully renew job request 3, job is valid till 06-02-2025 16:47:31
[2025-02-06 16:38:32Z INFO JobDispatcher] Successfully renew job request 3, job is valid till 06-02-2025 16:48:32
[2025-02-06 16:39:24Z INFO ProcessInvokerWrapper] STDOUT/STDERR stream read finished.
[2025-02-06 16:39:24Z INFO ProcessInvokerWrapper] STDOUT/STDERR stream read finished.
[2025-02-06 16:39:24Z INFO ProcessInvokerWrapper] Finished process 17692 with exit code 102, and elapsed time 01:20:23.0555094.
[2025-02-06 16:39:24Z INFO JobDispatcher] Worker finished for job e07742bd-189a-5079-918b-43f8b2f94b89. Code: 102
[2025-02-06 16:39:24Z INFO JobDispatcher] finish job request for job e07742bd-189a-5079-918b-43f8b2f94b89 with result: Failed
[2025-02-06 16:39:24Z INFO Terminal] WRITE LINE: 2025-02-06 16:39:24Z: Job deploy completed with result: Failed
[2025-02-06 16:39:24Z INFO JobDispatcher] Stop renew job request for job e07742bd-189a-5079-918b-43f8b2f94b89.
[2025-02-06 16:39:24Z INFO JobDispatcher] job renew has been cancelled, stop renew job request 3.
[2025-02-06 16:39:24Z INFO JobNotification] Entering JobCompleted Notification
[2025-02-06 16:39:24Z INFO JobNotification] Entering EndMonitor
[2025-02-06 16:39:24Z INFO MessageListener] Received job status event. JobState: Online
[2025-02-06 16:43:46Z INFO Terminal] WRITE LINE: Exiting...
[2025-02-06 16:43:46Z INFO ConfigurationStore] IsServiceConfigured()
[2025-02-06 16:43:46Z INFO ConfigurationStore] IsServiceConfigured: False
[2025-02-06 16:43:46Z INFO HostContext] Runner will be shutdown for UserCancelled
[2025-02-06 16:43:46Z WARN GitHubActionsService] GET request to https://broker.actions.githubusercontent.com/message?sessionId=44c5acb1-a1a3-44ae-a7b2-ba980a46b648&status=Online&runnerVersion=2.322.0&os=Windows&architecture=X64&disableUpdate=false has been cancelled.
[2025-02-06 16:43:46Z ERR  BrokerServer] Catch exception during request
[2025-02-06 16:43:46Z ERR  BrokerServer] System.Threading.Tasks.TaskCanceledException: The operation was canceled.
 ---> System.Threading.Tasks.TaskCanceledException: The operation was canceled.
 ---> System.IO.IOException: Unable to read data from the transport connection: The I/O operation has been aborted because of either a thread exit or an application request..
 ---> System.Net.Sockets.SocketException (995): The I/O operation has been aborted because of either a thread exit or an application request.
   --- End of inner exception stack trace ---
   at System.Net.Sockets.Socket.AwaitableSocketAsyncEventArgs.ThrowException(SocketError error, CancellationToken cancellationToken)
   at System.Net.Sockets.Socket.AwaitableSocketAsyncEventArgs.System.Threading.Tasks.Sources.IValueTaskSource<System.Int32>.GetResult(Int16 token)
   at System.Net.Security.SslStream.EnsureFullTlsFrameAsync[TIOAdapter](CancellationToken cancellationToken, Int32 estimatedSize)
   at System.Runtime.CompilerServices.PoolingAsyncValueTaskMethodBuilder`1.StateMachineBox`1.System.Threading.Tasks.Sources.IValueTaskSource<TResult>.GetResult(Int16 token)
   at System.Net.Security.SslStream.ReadAsyncInternal[TIOAdapter](Memory`1 buffer, CancellationToken cancellationToken)
   at System.Runtime.CompilerServices.PoolingAsyncValueTaskMethodBuilder`1.StateMachineBox`1.System.Threading.Tasks.Sources.IValueTaskSource<TResult>.GetResult(Int16 token)
   at System.Net.Http.HttpConnection.SendAsync(HttpRequestMessage request, Boolean async, CancellationToken cancellationToken)
   --- End of inner exception stack trace ---
   at System.Net.Http.HttpConnection.SendAsync(HttpRequestMessage request, Boolean async, CancellationToken cancellationToken)
   at System.Net.Http.AuthenticationHelper.SendWithNtAuthAsync(HttpRequestMessage request, Uri authUri, Boolean async, ICredentials credentials, Boolean isProxyAuth, HttpConnection connection, HttpConnectionPool connectionPool, CancellationToken cancellationToken)
   at System.Net.Http.HttpConnectionPool.SendWithVersionDetectionAndRetryAsync(HttpRequestMessage request, Boolean async, Boolean doRequestAuth, CancellationToken cancellationToken)
   at System.Net.Http.AuthenticationHelper.SendWithAuthAsync(HttpRequestMessage request, Uri authUri, Boolean async, ICredentials credentials, Boolean preAuthenticate, Boolean isProxyAuth, Boolean doRequestAuth, HttpConnectionPool pool, CancellationToken cancellationToken)
   at System.Net.Http.RedirectHandler.SendAsync(HttpRequestMessage request, Boolean async, CancellationToken cancellationToken)
   at GitHub.Services.Common.RawHttpMessageHandler.SendAsync(HttpRequestMessage request, CancellationToken cancellationToken)
   at GitHub.Services.Common.VssHttpRetryMessageHandler.SendAsync(HttpRequestMessage request, CancellationToken cancellationToken)
   at System.Net.Http.HttpClient.<SendAsync>g__Core|83_0(HttpRequestMessage request, HttpCompletionOption completionOption, CancellationTokenSource cts, Boolean disposeCts, CancellationTokenSource pendingRequestsCts, CancellationToken originalCancellationToken)
   --- End of inner exception stack trace ---
   at System.Net.Http.HttpClient.HandleFailure(Exception e, Boolean telemetryStarted, HttpResponseMessage response, CancellationTokenSource cts, CancellationToken cancellationToken, CancellationTokenSource pendingRequestsCts)
   at System.Net.Http.HttpClient.<SendAsync>g__Core|83_0(HttpRequestMessage request, HttpCompletionOption completionOption, CancellationTokenSource cts, Boolean disposeCts, CancellationTokenSource pendingRequestsCts, CancellationToken originalCancellationToken)
   at Sdk.WebApi.WebApi.RawHttpClientBase.SendAsync(HttpRequestMessage message, HttpCompletionOption completionOption, Object userState, CancellationToken cancellationToken)
   at Sdk.WebApi.WebApi.RawHttpClientBase.SendAsync[T](HttpRequestMessage message, Boolean readErrorBody, Object userState, CancellationToken cancellationToken)
   at Sdk.WebApi.WebApi.RawHttpClientBase.SendAsync[T](HttpMethod method, IEnumerable`1 additionalHeaders, Uri requestUri, HttpContent content, IEnumerable`1 queryParameters, Boolean readErrorBody, Object userState, CancellationToken cancellationToken)
   at GitHub.Actions.RunService.WebApi.BrokerHttpClient.GetRunnerMessageAsync(Nullable`1 sessionId, String runnerVersion, Nullable`1 status, String os, String architecture, Nullable`1 disableUpdate, CancellationToken cancellationToken)
   at GitHub.Runner.Common.BrokerServer.<>c__DisplayClass7_0.<<GetRunnerMessageAsync>b__0>d.MoveNext()
--- End of stack trace from previous location ---
   at GitHub.Runner.Common.RunnerService.RetryRequest[T](Func`1 func, CancellationToken cancellationToken, Int32 maxRetryAttemptsCount, Func`2 shouldRetry)
[2025-02-06 16:43:46Z ERR  BrokerServer] #####################################################
[2025-02-06 16:43:46Z ERR  BrokerServer] System.Threading.Tasks.TaskCanceledException: The operation was canceled.
 ---> System.IO.IOException: Unable to read data from the transport connection: The I/O operation has been aborted because of either a thread exit or an application request..
 ---> System.Net.Sockets.SocketException (995): The I/O operation has been aborted because of either a thread exit or an application request.
   --- End of inner exception stack trace ---
   at System.Net.Sockets.Socket.AwaitableSocketAsyncEventArgs.ThrowException(SocketError error, CancellationToken cancellationToken)
   at System.Net.Sockets.Socket.AwaitableSocketAsyncEventArgs.System.Threading.Tasks.Sources.IValueTaskSource<System.Int32>.GetResult(Int16 token)
   at System.Net.Security.SslStream.EnsureFullTlsFrameAsync[TIOAdapter](CancellationToken cancellationToken, Int32 estimatedSize)
   at System.Runtime.CompilerServices.PoolingAsyncValueTaskMethodBuilder`1.StateMachineBox`1.System.Threading.Tasks.Sources.IValueTaskSource<TResult>.GetResult(Int16 token)
   at System.Net.Security.SslStream.ReadAsyncInternal[TIOAdapter](Memory`1 buffer, CancellationToken cancellationToken)
   at System.Runtime.CompilerServices.PoolingAsyncValueTaskMethodBuilder`1.StateMachineBox`1.System.Threading.Tasks.Sources.IValueTaskSource<TResult>.GetResult(Int16 token)
   at System.Net.Http.HttpConnection.SendAsync(HttpRequestMessage request, Boolean async, CancellationToken cancellationToken)
   --- End of inner exception stack trace ---
   at System.Net.Http.HttpConnection.SendAsync(HttpRequestMessage request, Boolean async, CancellationToken cancellationToken)
   at System.Net.Http.AuthenticationHelper.SendWithNtAuthAsync(HttpRequestMessage request, Uri authUri, Boolean async, ICredentials credentials, Boolean isProxyAuth, HttpConnection connection, HttpConnectionPool connectionPool, CancellationToken cancellationToken)
   at System.Net.Http.HttpConnectionPool.SendWithVersionDetectionAndRetryAsync(HttpRequestMessage request, Boolean async, Boolean doRequestAuth, CancellationToken cancellationToken)
   at System.Net.Http.AuthenticationHelper.SendWithAuthAsync(HttpRequestMessage request, Uri authUri, Boolean async, ICredentials credentials, Boolean preAuthenticate, Boolean isProxyAuth, Boolean doRequestAuth, HttpConnectionPool pool, CancellationToken cancellationToken)
   at System.Net.Http.RedirectHandler.SendAsync(HttpRequestMessage request, Boolean async, CancellationToken cancellationToken)
   at GitHub.Services.Common.RawHttpMessageHandler.SendAsync(HttpRequestMessage request, CancellationToken cancellationToken)
   at GitHub.Services.Common.VssHttpRetryMessageHandler.SendAsync(HttpRequestMessage request, CancellationToken cancellationToken)
   at System.Net.Http.HttpClient.<SendAsync>g__Core|83_0(HttpRequestMessage request, HttpCompletionOption completionOption, CancellationTokenSource cts, Boolean disposeCts, CancellationTokenSource pendingRequestsCts, CancellationToken originalCancellationToken)
[2025-02-06 16:43:46Z ERR  BrokerServer] #####################################################
[2025-02-06 16:43:46Z ERR  BrokerServer] System.IO.IOException: Unable to read data from the transport connection: The I/O operation has been aborted because of either a thread exit or an application request..
 ---> System.Net.Sockets.SocketException (995): The I/O operation has been aborted because of either a thread exit or an application request.
   --- End of inner exception stack trace ---
   at System.Net.Sockets.Socket.AwaitableSocketAsyncEventArgs.ThrowException(SocketError error, CancellationToken cancellationToken)
   at System.Net.Sockets.Socket.AwaitableSocketAsyncEventArgs.System.Threading.Tasks.Sources.IValueTaskSource<System.Int32>.GetResult(Int16 token)
   at System.Net.Security.SslStream.EnsureFullTlsFrameAsync[TIOAdapter](CancellationToken cancellationToken, Int32 estimatedSize)
   at System.Runtime.CompilerServices.PoolingAsyncValueTaskMethodBuilder`1.StateMachineBox`1.System.Threading.Tasks.Sources.IValueTaskSource<TResult>.GetResult(Int16 token)
   at System.Net.Security.SslStream.ReadAsyncInternal[TIOAdapter](Memory`1 buffer, CancellationToken cancellationToken)
   at System.Runtime.CompilerServices.PoolingAsyncValueTaskMethodBuilder`1.StateMachineBox`1.System.Threading.Tasks.Sources.IValueTaskSource<TResult>.GetResult(Int16 token)
   at System.Net.Http.HttpConnection.SendAsync(HttpRequestMessage request, Boolean async, CancellationToken cancellationToken)
[2025-02-06 16:43:46Z ERR  BrokerServer] #####################################################
[2025-02-06 16:43:46Z ERR  BrokerServer] System.Net.Sockets.SocketException (995): The I/O operation has been aborted because of either a thread exit or an application request.
[2025-02-06 16:43:46Z WARN BrokerServer] Back off 9.532 seconds before next retry. 4 attempt left.
[2025-02-06 16:43:46Z INFO MessageListener] Get next message has been cancelled.
[2025-02-06 16:43:46Z INFO JobDispatcher] Shutting down JobDispatcher. Make sure all WorkerDispatcher has finished.
[2025-02-06 16:43:46Z INFO JobDispatcher] Ensure WorkerDispatcher for job e07742bd-189a-5079-918b-43f8b2f94b89 run to finish, cancel any running job.
[2025-02-06 16:43:46Z INFO JobDispatcher] Job request e07742bd-189a-5079-918b-43f8b2f94b89 processed succeed.
[2025-02-06 16:43:46Z INFO Runner] Deleting Runner Session...
[2025-02-06 16:43:46Z INFO Listener] Runner execution been cancelled.
