[2025-02-06 16:59:49Z INFO HostContext] No proxy settings were found based on environmental variables (http_proxy/https_proxy/HTTP_PROXY/HTTPS_PROXY)
[2025-02-06 16:59:49Z INFO HostContext] Well known directory 'Bin': 'C:\Users\1033509\WorkSpace\plat-bulk-parquet-converter\actions-runner\bin'
[2025-02-06 16:59:49Z INFO HostContext] Well known directory 'Root': 'C:\Users\1033509\WorkSpace\plat-bulk-parquet-converter\actions-runner'
[2025-02-06 16:59:49Z INFO HostContext] Well known config file 'Credentials': 'C:\Users\1033509\WorkSpace\plat-bulk-parquet-converter\actions-runner\.credentials'
[2025-02-06 16:59:49Z INFO HostContext] Well known directory 'Bin': 'C:\Users\1033509\WorkSpace\plat-bulk-parquet-converter\actions-runner\bin'
[2025-02-06 16:59:49Z INFO HostContext] Well known directory 'Root': 'C:\Users\1033509\WorkSpace\plat-bulk-parquet-converter\actions-runner'
[2025-02-06 16:59:49Z INFO HostContext] Well known config file 'Runner': 'C:\Users\1033509\WorkSpace\plat-bulk-parquet-converter\actions-runner\.runner'
[2025-02-06 16:59:49Z INFO Listener] Runner is built for Windows (X64) - win-x64.
[2025-02-06 16:59:49Z INFO Listener] RuntimeInformation: Microsoft Windows 10.0.19045.
[2025-02-06 16:59:49Z INFO Listener] Version: 2.322.0
[2025-02-06 16:59:49Z INFO Listener] Commit: 0edc478ca75d0a753dcbcec7405f3f26db67b1ac
[2025-02-06 16:59:49Z INFO Listener] Culture: en-IN
[2025-02-06 16:59:49Z INFO Listener] UI Culture: en-US
[2025-02-06 16:59:49Z INFO HostContext] Well known directory 'Bin': 'C:\Users\1033509\WorkSpace\plat-bulk-parquet-converter\actions-runner\bin'
[2025-02-06 16:59:49Z INFO HostContext] Well known directory 'Root': 'C:\Users\1033509\WorkSpace\plat-bulk-parquet-converter\actions-runner'
[2025-02-06 16:59:49Z INFO Listener] Validating directory permissions for: 'C:\Users\1033509\WorkSpace\plat-bulk-parquet-converter\actions-runner'
[2025-02-06 16:59:49Z INFO CommandLineParser] Parse
[2025-02-06 16:59:49Z INFO CommandLineParser] Parsing 1 args
[2025-02-06 16:59:49Z INFO CommandLineParser] parsing argument
[2025-02-06 16:59:49Z INFO CommandLineParser] HasArgs: False
[2025-02-06 16:59:49Z INFO CommandLineParser] Adding Command: run
[2025-02-06 16:59:49Z INFO Listener] Arguments parsed
[2025-02-06 16:59:49Z INFO Runner] ExecuteCommand
[2025-02-06 16:59:49Z INFO ConfigurationStore] currentAssemblyLocation: C:\Users\1033509\WorkSpace\plat-bulk-parquet-converter\actions-runner\bin\Runner.Listener.dll
[2025-02-06 16:59:49Z INFO HostContext] Well known directory 'Bin': 'C:\Users\1033509\WorkSpace\plat-bulk-parquet-converter\actions-runner\bin'
[2025-02-06 16:59:49Z INFO ConfigurationStore] binPath: C:\Users\1033509\WorkSpace\plat-bulk-parquet-converter\actions-runner\bin
[2025-02-06 16:59:49Z INFO HostContext] Well known directory 'Bin': 'C:\Users\1033509\WorkSpace\plat-bulk-parquet-converter\actions-runner\bin'
[2025-02-06 16:59:49Z INFO HostContext] Well known directory 'Root': 'C:\Users\1033509\WorkSpace\plat-bulk-parquet-converter\actions-runner'
[2025-02-06 16:59:49Z INFO ConfigurationStore] RootFolder: C:\Users\1033509\WorkSpace\plat-bulk-parquet-converter\actions-runner
[2025-02-06 16:59:49Z INFO HostContext] Well known directory 'Bin': 'C:\Users\1033509\WorkSpace\plat-bulk-parquet-converter\actions-runner\bin'
[2025-02-06 16:59:49Z INFO HostContext] Well known directory 'Root': 'C:\Users\1033509\WorkSpace\plat-bulk-parquet-converter\actions-runner'
[2025-02-06 16:59:49Z INFO HostContext] Well known config file 'Runner': 'C:\Users\1033509\WorkSpace\plat-bulk-parquet-converter\actions-runner\.runner'
[2025-02-06 16:59:49Z INFO ConfigurationStore] ConfigFilePath: C:\Users\1033509\WorkSpace\plat-bulk-parquet-converter\actions-runner\.runner
[2025-02-06 16:59:49Z INFO HostContext] Well known directory 'Bin': 'C:\Users\1033509\WorkSpace\plat-bulk-parquet-converter\actions-runner\bin'
[2025-02-06 16:59:49Z INFO HostContext] Well known directory 'Root': 'C:\Users\1033509\WorkSpace\plat-bulk-parquet-converter\actions-runner'
[2025-02-06 16:59:49Z INFO HostContext] Well known config file 'Credentials': 'C:\Users\1033509\WorkSpace\plat-bulk-parquet-converter\actions-runner\.credentials'
[2025-02-06 16:59:49Z INFO ConfigurationStore] CredFilePath: C:\Users\1033509\WorkSpace\plat-bulk-parquet-converter\actions-runner\.credentials
[2025-02-06 16:59:49Z INFO HostContext] Well known directory 'Bin': 'C:\Users\1033509\WorkSpace\plat-bulk-parquet-converter\actions-runner\bin'
[2025-02-06 16:59:49Z INFO HostContext] Well known directory 'Root': 'C:\Users\1033509\WorkSpace\plat-bulk-parquet-converter\actions-runner'
[2025-02-06 16:59:49Z INFO HostContext] Well known config file 'MigratedCredentials': 'C:\Users\1033509\WorkSpace\plat-bulk-parquet-converter\actions-runner\.credentials_migrated'
[2025-02-06 16:59:49Z INFO ConfigurationStore] MigratedCredFilePath: C:\Users\1033509\WorkSpace\plat-bulk-parquet-converter\actions-runner\.credentials_migrated
[2025-02-06 16:59:49Z INFO HostContext] Well known directory 'Bin': 'C:\Users\1033509\WorkSpace\plat-bulk-parquet-converter\actions-runner\bin'
[2025-02-06 16:59:49Z INFO HostContext] Well known directory 'Root': 'C:\Users\1033509\WorkSpace\plat-bulk-parquet-converter\actions-runner'
[2025-02-06 16:59:49Z INFO HostContext] Well known config file 'Service': 'C:\Users\1033509\WorkSpace\plat-bulk-parquet-converter\actions-runner\.service'
[2025-02-06 16:59:49Z INFO ConfigurationStore] ServiceConfigFilePath: C:\Users\1033509\WorkSpace\plat-bulk-parquet-converter\actions-runner\.service
[2025-02-06 16:59:49Z INFO CommandSettings] Flag 'help': 'False'
[2025-02-06 16:59:49Z INFO CommandSettings] Flag 'version': 'False'
[2025-02-06 16:59:49Z INFO CommandSettings] Flag 'commit': 'False'
[2025-02-06 16:59:49Z INFO CommandSettings] Flag 'check': 'False'
[2025-02-06 16:59:49Z INFO CommandSettings] Command 'configure': 'False'
[2025-02-06 16:59:49Z INFO CommandSettings] Command 'remove': 'False'
[2025-02-06 16:59:49Z INFO CommandSettings] Command 'warmup': 'False'
[2025-02-06 16:59:49Z INFO ConfigurationManager] LoadSettings
[2025-02-06 16:59:49Z INFO ConfigurationStore] IsConfigured()
[2025-02-06 16:59:49Z INFO ConfigurationStore] IsConfigured: True
[2025-02-06 16:59:49Z INFO ConfigurationManager] Is configured: True
[2025-02-06 16:59:49Z INFO ConfigurationStore] Read setting file: 335 chars
[2025-02-06 16:59:49Z INFO ConfigurationManager] Settings Loaded
[2025-02-06 16:59:49Z INFO ConfigurationStore] IsServiceConfigured()
[2025-02-06 16:59:49Z INFO ConfigurationStore] IsServiceConfigured: False
[2025-02-06 16:59:49Z INFO CommandSettings] Command 'run': 'True'
[2025-02-06 16:59:49Z INFO ConfigurationStore] IsConfigured()
[2025-02-06 16:59:49Z INFO ConfigurationStore] IsConfigured: True
[2025-02-06 16:59:49Z INFO ConfigurationManager] Is configured: True
[2025-02-06 16:59:49Z INFO Runner] Could not parse the argument value '' for StartupType. Defaulting to Manual
[2025-02-06 16:59:49Z INFO Runner] Set runner startup type - Manual
[2025-02-06 16:59:49Z INFO CommandSettings] Flag 'once': 'False'
[2025-02-06 16:59:49Z INFO CommandSettings] Flag 'once': 'False'
[2025-02-06 16:59:49Z INFO Runner] RunAsync
[2025-02-06 16:59:49Z INFO ConfigurationManager] LoadSettings
[2025-02-06 16:59:49Z INFO ConfigurationStore] IsConfigured()
[2025-02-06 16:59:49Z INFO ConfigurationStore] IsConfigured: True
[2025-02-06 16:59:49Z INFO ConfigurationManager] Is configured: True
[2025-02-06 16:59:49Z INFO ConfigurationManager] Settings Loaded
[2025-02-06 16:59:49Z INFO MessageListener] {
  "AgentId": 2,
  "AgentName": "IN2-1033509LTT",
  "PoolId": 1,
  "PoolName": "Default",
  "ServerUrl": "https://pipelinesghubeus6.actions.githubusercontent.com/X5XTlu9XgqtC3fHMnS4JVoB8GrJzdEthU48HSwhEo0HNeqTWr3/",
  "GitHubUrl": "https://github.com/Plaban-Dwivedy_ghub/plat-bulk-parquet-converter",
  "WorkFolder": "_work"
}
[2025-02-06 16:59:49Z INFO MessageListener] Loading Credentials
[2025-02-06 16:59:49Z INFO ConfigurationStore] HasCredentials()
[2025-02-06 16:59:49Z INFO ConfigurationStore] stored True
[2025-02-06 16:59:49Z INFO CredentialManager] GetCredentialProvider
[2025-02-06 16:59:49Z INFO CredentialManager] Creating type OAuth
[2025-02-06 16:59:49Z INFO CredentialManager] Creating credential type: OAuth
[2025-02-06 16:59:49Z INFO HostContext] Well known directory 'Bin': 'C:\Users\1033509\WorkSpace\plat-bulk-parquet-converter\actions-runner\bin'
[2025-02-06 16:59:49Z INFO HostContext] Well known directory 'Root': 'C:\Users\1033509\WorkSpace\plat-bulk-parquet-converter\actions-runner'
[2025-02-06 16:59:49Z INFO HostContext] Well known config file 'RSACredentials': 'C:\Users\1033509\WorkSpace\plat-bulk-parquet-converter\actions-runner\.credentials_rsaparams'
[2025-02-06 16:59:49Z INFO RSAEncryptedFileKeyManager] Loading RSA key parameters from file C:\Users\1033509\WorkSpace\plat-bulk-parquet-converter\actions-runner\.credentials_rsaparams
[2025-02-06 16:59:49Z INFO MessageListener] Attempt to create session.
[2025-02-06 16:59:49Z INFO MessageListener] Connecting to the Runner Server...
[2025-02-06 16:59:49Z INFO RunnerServer] EstablishVssConnection
[2025-02-06 16:59:49Z INFO RunnerServer] Establish connection with 100 seconds timeout.
[2025-02-06 16:59:49Z INFO GitHubActionsService] Starting operation Location.GetConnectionData
[2025-02-06 16:59:49Z INFO RunnerServer] EstablishVssConnection
[2025-02-06 16:59:49Z INFO RunnerServer] Establish connection with 60 seconds timeout.
[2025-02-06 16:59:49Z INFO GitHubActionsService] Starting operation Location.GetConnectionData
[2025-02-06 16:59:49Z INFO RunnerServer] EstablishVssConnection
[2025-02-06 16:59:49Z INFO RunnerServer] Establish connection with 60 seconds timeout.
[2025-02-06 16:59:49Z INFO GitHubActionsService] Starting operation Location.GetConnectionData
[2025-02-06 16:59:50Z INFO GitHubActionsService] Finished operation Location.GetConnectionData
[2025-02-06 16:59:50Z INFO GitHubActionsService] Finished operation Location.GetConnectionData
[2025-02-06 16:59:50Z INFO GitHubActionsService] Finished operation Location.GetConnectionData
[2025-02-06 16:59:50Z INFO MessageListener] VssConnection created
[2025-02-06 16:59:50Z INFO Terminal] WRITE LINE: 
[2025-02-06 16:59:50Z INFO Terminal] WRITE LINE: 
[2025-02-06 16:59:51Z INFO RSAEncryptedFileKeyManager] Loading RSA key parameters from file C:\Users\1033509\WorkSpace\plat-bulk-parquet-converter\actions-runner\.credentials_rsaparams
[2025-02-06 16:59:51Z INFO RSAEncryptedFileKeyManager] Loading RSA key parameters from file C:\Users\1033509\WorkSpace\plat-bulk-parquet-converter\actions-runner\.credentials_rsaparams
[2025-02-06 16:59:52Z INFO GitHubActionsService] AAD Correlation ID for this token request: Unknown
[2025-02-06 16:59:53Z INFO MessageListener] Session created.
[2025-02-06 16:59:53Z INFO Terminal] WRITE LINE: Current runner version: '2.322.0'
[2025-02-06 16:59:53Z INFO Terminal] WRITE LINE: 2025-02-06 16:59:53Z: Listening for Jobs
[2025-02-06 16:59:53Z INFO JobDispatcher] Set runner/worker IPC timeout to 30 seconds.
[2025-02-06 16:59:53Z INFO RSAEncryptedFileKeyManager] Loading RSA key parameters from file C:\Users\1033509\WorkSpace\plat-bulk-parquet-converter\actions-runner\.credentials_rsaparams
[2025-02-06 16:59:54Z INFO GitHubActionsService] AAD Correlation ID for this token request: Unknown
[2025-02-06 17:00:05Z INFO MessageListener] Message '2188283711305858878' received from session '722233a3-3151-4625-82fd-d9c5d1d3b449'.
[2025-02-06 17:00:05Z INFO ConfigurationStore] HasCredentials()
[2025-02-06 17:00:05Z INFO ConfigurationStore] stored True
[2025-02-06 17:00:05Z INFO CredentialManager] GetCredentialProvider
[2025-02-06 17:00:05Z INFO CredentialManager] Creating type OAuth
[2025-02-06 17:00:05Z INFO CredentialManager] Creating credential type: OAuth
[2025-02-06 17:00:05Z INFO RSAEncryptedFileKeyManager] Loading RSA key parameters from file C:\Users\1033509\WorkSpace\plat-bulk-parquet-converter\actions-runner\.credentials_rsaparams
[2025-02-06 17:00:05Z INFO ActionsRunServer] EstablishVssConnection
[2025-02-06 17:00:05Z INFO ActionsRunServer] Establish connection with 100 seconds timeout.
[2025-02-06 17:00:05Z INFO GitHubActionsService] Starting operation Location.GetConnectionData
[2025-02-06 17:00:06Z INFO GitHubActionsService] Finished operation Location.GetConnectionData
[2025-02-06 17:00:06Z INFO RSAEncryptedFileKeyManager] Loading RSA key parameters from file C:\Users\1033509\WorkSpace\plat-bulk-parquet-converter\actions-runner\.credentials_rsaparams
[2025-02-06 17:00:06Z INFO RSAEncryptedFileKeyManager] Loading RSA key parameters from file C:\Users\1033509\WorkSpace\plat-bulk-parquet-converter\actions-runner\.credentials_rsaparams
[2025-02-06 17:00:09Z INFO GitHubActionsService] AAD Correlation ID for this token request: Unknown
[2025-02-06 17:00:09Z WARN GitHubActionsService] Retrieving an AAD auth token took a long time (3.1635032 seconds)
[2025-02-06 17:00:10Z INFO JobDispatcher] Job request 6 for plan 36b1df7b-0203-4e55-83eb-ac85d2ca2aca job e07742bd-189a-5079-918b-43f8b2f94b89 received.
[2025-02-06 17:00:10Z INFO JobDispatcher] Pull OrchestrationId 36b1df7b-0203-4e55-83eb-ac85d2ca2aca.deploy.__default from JWT claims
[2025-02-06 17:00:10Z INFO MessageListener] Received job status event. JobState: Busy
[2025-02-06 17:00:10Z INFO MessageListener] _getMessagesTokenSource is already disposed.
[2025-02-06 17:00:10Z INFO Terminal] WRITE LINE: 2025-02-06 17:00:10Z: Running job: deploy
[2025-02-06 17:00:10Z INFO JobDispatcher] Start renew job request 6 for job e07742bd-189a-5079-918b-43f8b2f94b89.
[2025-02-06 17:00:10Z INFO JobDispatcher] Successfully renew job request 6, job is valid till 06-02-2025 17:10:10
[2025-02-06 17:00:10Z INFO HostContext] Well known directory 'Bin': 'C:\Users\1033509\WorkSpace\plat-bulk-parquet-converter\actions-runner\bin'
[2025-02-06 17:00:10Z INFO ProcessInvokerWrapper] Starting process:
[2025-02-06 17:00:10Z INFO ProcessInvokerWrapper]   File name: 'C:\Users\1033509\WorkSpace\plat-bulk-parquet-converter\actions-runner\bin\Runner.Worker.exe'
[2025-02-06 17:00:10Z INFO ProcessInvokerWrapper]   Arguments: 'spawnclient 600 2216'
[2025-02-06 17:00:10Z INFO ProcessInvokerWrapper]   Working directory: 'C:\Users\1033509\WorkSpace\plat-bulk-parquet-converter\actions-runner\bin'
[2025-02-06 17:00:10Z INFO ProcessInvokerWrapper]   Require exit code zero: 'False'
[2025-02-06 17:00:10Z INFO ProcessInvokerWrapper]   Encoding web name:  ; code page: ''
[2025-02-06 17:00:10Z INFO ProcessInvokerWrapper]   Force kill process on cancellation: 'True'
[2025-02-06 17:00:10Z INFO ProcessInvokerWrapper]   Redirected STDIN: 'False'
[2025-02-06 17:00:10Z INFO ProcessInvokerWrapper]   Persist current code page: 'False'
[2025-02-06 17:00:10Z INFO ProcessInvokerWrapper]   Keep redirected STDIN open: 'False'
[2025-02-06 17:00:10Z INFO ProcessInvokerWrapper]   High priority process: 'True'
[2025-02-06 17:00:10Z INFO ProcessInvokerWrapper] Process started with process id 23188, waiting for process exit.
[2025-02-06 17:00:10Z INFO JobDispatcher] Send job request message to worker for job e07742bd-189a-5079-918b-43f8b2f94b89.
[2025-02-06 17:00:10Z INFO ProcessChannel] Sending message of length 25674, with hash '5b20621d79ca715fa2c61b226518ba5d9de2d812e8d82600eec12937731fd270'
[2025-02-06 17:00:11Z INFO JobNotification] Entering JobStarted Notification
[2025-02-06 17:00:11Z INFO JobNotification] Entering StartMonitor
[2025-02-06 17:01:11Z INFO JobDispatcher] Successfully renew job request 6, job is valid till 06-02-2025 17:11:10
[2025-02-06 17:02:11Z INFO JobDispatcher] Successfully renew job request 6, job is valid till 06-02-2025 17:12:11
[2025-02-06 17:03:11Z INFO JobDispatcher] Successfully renew job request 6, job is valid till 06-02-2025 17:13:11
[2025-02-06 17:04:12Z INFO JobDispatcher] Successfully renew job request 6, job is valid till 06-02-2025 17:14:12
[2025-02-06 17:05:12Z INFO JobDispatcher] Successfully renew job request 6, job is valid till 06-02-2025 17:15:12
[2025-02-06 17:06:13Z INFO JobDispatcher] Successfully renew job request 6, job is valid till 06-02-2025 17:16:12
[2025-02-06 17:07:13Z INFO JobDispatcher] Successfully renew job request 6, job is valid till 06-02-2025 17:17:13
[2025-02-06 17:08:13Z INFO JobDispatcher] Successfully renew job request 6, job is valid till 06-02-2025 17:18:13
[2025-02-06 17:09:14Z INFO JobDispatcher] Successfully renew job request 6, job is valid till 06-02-2025 17:19:13
[2025-02-06 17:10:14Z INFO JobDispatcher] Successfully renew job request 6, job is valid till 06-02-2025 17:20:14
[2025-02-06 17:11:14Z INFO JobDispatcher] Successfully renew job request 6, job is valid till 06-02-2025 17:21:14
[2025-02-06 17:12:15Z INFO JobDispatcher] Successfully renew job request 6, job is valid till 06-02-2025 17:22:14
[2025-02-06 17:13:15Z INFO JobDispatcher] Successfully renew job request 6, job is valid till 06-02-2025 17:23:15
[2025-02-06 17:14:15Z INFO JobDispatcher] Successfully renew job request 6, job is valid till 06-02-2025 17:24:15
[2025-02-06 17:15:16Z INFO JobDispatcher] Successfully renew job request 6, job is valid till 06-02-2025 17:25:15
[2025-02-06 17:16:16Z INFO JobDispatcher] Successfully renew job request 6, job is valid till 06-02-2025 17:26:16
[2025-02-06 17:17:16Z INFO JobDispatcher] Successfully renew job request 6, job is valid till 06-02-2025 17:27:16
[2025-02-06 17:18:16Z INFO JobDispatcher] Successfully renew job request 6, job is valid till 06-02-2025 17:28:16
[2025-02-06 17:19:17Z INFO JobDispatcher] Successfully renew job request 6, job is valid till 06-02-2025 17:29:17
[2025-02-06 17:20:17Z INFO JobDispatcher] Successfully renew job request 6, job is valid till 06-02-2025 17:30:17
[2025-02-06 17:21:17Z INFO JobDispatcher] Successfully renew job request 6, job is valid till 06-02-2025 17:31:17
[2025-02-06 17:22:18Z INFO JobDispatcher] Successfully renew job request 6, job is valid till 06-02-2025 17:32:18
[2025-02-06 17:23:18Z INFO JobDispatcher] Successfully renew job request 6, job is valid till 06-02-2025 17:33:18
[2025-02-06 17:24:18Z INFO JobDispatcher] Successfully renew job request 6, job is valid till 06-02-2025 17:34:18
[2025-02-06 17:25:19Z INFO JobDispatcher] Successfully renew job request 6, job is valid till 06-02-2025 17:35:18
[2025-02-06 17:26:19Z INFO JobDispatcher] Successfully renew job request 6, job is valid till 06-02-2025 17:36:19
[2025-02-06 17:27:19Z INFO JobDispatcher] Successfully renew job request 6, job is valid till 06-02-2025 17:37:19
[2025-02-06 17:28:20Z INFO JobDispatcher] Successfully renew job request 6, job is valid till 06-02-2025 17:38:19
[2025-02-06 17:28:54Z INFO MessageListener] Message '4671603898733911080' received from session '722233a3-3151-4625-82fd-d9c5d1d3b449'.
[2025-02-06 17:28:54Z INFO JobDispatcher] Job cancellation request e07742bd-189a-5079-918b-43f8b2f94b89 received, cancellation timeout 5 minutes.
[2025-02-06 17:28:54Z INFO JobDispatcher] Send job cancellation message to worker for job e07742bd-189a-5079-918b-43f8b2f94b89.
[2025-02-06 17:28:54Z INFO ProcessChannel] Sending message of length 0, with hash 'e3b0c44298fc1c149afbf4c8996fb92427ae41e4649b934ca495991b7852b855'
[2025-02-06 17:29:08Z INFO ProcessInvokerWrapper] STDOUT/STDERR stream read finished.
[2025-02-06 17:29:08Z INFO ProcessInvokerWrapper] STDOUT/STDERR stream read finished.
[2025-02-06 17:29:08Z INFO ProcessInvokerWrapper] Finished process 23188 with exit code 103, and elapsed time 00:28:57.8687331.
[2025-02-06 17:29:08Z INFO JobDispatcher] finish job request for job e07742bd-189a-5079-918b-43f8b2f94b89 with result: Canceled
[2025-02-06 17:29:08Z INFO Terminal] WRITE LINE: 2025-02-06 17:29:08Z: Job deploy completed with result: Canceled
[2025-02-06 17:29:08Z INFO JobDispatcher] Stop renew job request for job e07742bd-189a-5079-918b-43f8b2f94b89.
[2025-02-06 17:29:08Z INFO JobDispatcher] job renew has been cancelled, stop renew job request 6.
[2025-02-06 17:29:08Z INFO JobNotification] Entering JobCompleted Notification
[2025-02-06 17:29:08Z INFO JobNotification] Entering EndMonitor
[2025-02-06 17:29:08Z INFO MessageListener] Received job status event. JobState: Online
[2025-02-06 20:43:38Z WARN GitHubActionsService] Attempt 1 of GET request to https://broker.actions.githubusercontent.com/message?sessionId=722233a3-3151-4625-82fd-d9c5d1d3b449&status=Busy&runnerVersion=2.322.0&os=Windows&architecture=X64&disableUpdate=false failed (Socket Error: ConnectionReset). The operation will be retried in 10.948 seconds.
[2025-02-07 03:30:38Z ERR  GitHubActionsService] GET request to https://broker.actions.githubusercontent.com/message?sessionId=722233a3-3151-4625-82fd-d9c5d1d3b449&status=Busy&runnerVersion=2.322.0&os=Windows&architecture=X64&disableUpdate=false failed. System.Net.Http.HttpRequestException: An attempt was made to access a socket in a way forbidden by its access permissions. (broker.actions.githubusercontent.com:443)
 ---> System.Net.Sockets.SocketException (10013): An attempt was made to access a socket in a way forbidden by its access permissions.
   at System.Net.Sockets.Socket.AwaitableSocketAsyncEventArgs.ThrowException(SocketError error, CancellationToken cancellationToken)
   at System.Net.Sockets.Socket.AwaitableSocketAsyncEventArgs.System.Threading.Tasks.Sources.IValueTaskSource.GetResult(Int16 token)
   at System.Net.Sockets.Socket.<ConnectAsync>g__WaitForConnectWithCancellation|285_0(AwaitableSocketAsyncEventArgs saea, ValueTask connectTask, CancellationToken cancellationToken)
   at System.Net.Http.HttpConnectionPool.ConnectToTcpHostAsync(String host, Int32 port, HttpRequestMessage initialRequest, Boolean async, CancellationToken cancellationToken)
   --- End of inner exception stack trace ---
   at System.Net.Http.HttpConnectionPool.ConnectToTcpHostAsync(String host, Int32 port, HttpRequestMessage initialRequest, Boolean async, CancellationToken cancellationToken)
   at System.Net.Http.HttpConnectionPool.ConnectAsync(HttpRequestMessage request, Boolean async, CancellationToken cancellationToken)
   at System.Net.Http.HttpConnectionPool.CreateHttp11ConnectionAsync(HttpRequestMessage request, Boolean async, CancellationToken cancellationToken)
   at System.Net.Http.HttpConnectionPool.AddHttp11ConnectionAsync(QueueItem queueItem)
   at System.Threading.Tasks.TaskCompletionSourceWithCancellation`1.WaitWithCancellationAsync(CancellationToken cancellationToken)
   at System.Net.Http.HttpConnectionPool.SendWithVersionDetectionAndRetryAsync(HttpRequestMessage request, Boolean async, Boolean doRequestAuth, CancellationToken cancellationToken)
   at System.Net.Http.AuthenticationHelper.SendWithAuthAsync(HttpRequestMessage request, Uri authUri, Boolean async, ICredentials credentials, Boolean preAuthenticate, Boolean isProxyAuth, Boolean doRequestAuth, HttpConnectionPool pool, CancellationToken cancellationToken)
   at System.Net.Http.RedirectHandler.SendAsync(HttpRequestMessage request, Boolean async, CancellationToken cancellationToken)
   at GitHub.Services.Common.RawHttpMessageHandler.SendAsync(HttpRequestMessage request, CancellationToken cancellationToken)
   at GitHub.Services.Common.VssHttpRetryMessageHandler.SendAsync(HttpRequestMessage request, CancellationToken cancellationToken)
[2025-02-07 03:30:38Z ERR  BrokerServer] Catch exception during request
[2025-02-07 03:30:38Z ERR  BrokerServer] System.Net.Http.HttpRequestException: An attempt was made to access a socket in a way forbidden by its access permissions. (broker.actions.githubusercontent.com:443)
 ---> System.Net.Sockets.SocketException (10013): An attempt was made to access a socket in a way forbidden by its access permissions.
   at System.Net.Sockets.Socket.AwaitableSocketAsyncEventArgs.ThrowException(SocketError error, CancellationToken cancellationToken)
   at System.Net.Sockets.Socket.AwaitableSocketAsyncEventArgs.System.Threading.Tasks.Sources.IValueTaskSource.GetResult(Int16 token)
   at System.Net.Sockets.Socket.<ConnectAsync>g__WaitForConnectWithCancellation|285_0(AwaitableSocketAsyncEventArgs saea, ValueTask connectTask, CancellationToken cancellationToken)
   at System.Net.Http.HttpConnectionPool.ConnectToTcpHostAsync(String host, Int32 port, HttpRequestMessage initialRequest, Boolean async, CancellationToken cancellationToken)
   --- End of inner exception stack trace ---
   at GitHub.Services.Common.VssHttpRetryMessageHandler.SendAsync(HttpRequestMessage request, CancellationToken cancellationToken)
   at System.Net.Http.HttpClient.<SendAsync>g__Core|83_0(HttpRequestMessage request, HttpCompletionOption completionOption, CancellationTokenSource cts, Boolean disposeCts, CancellationTokenSource pendingRequestsCts, CancellationToken originalCancellationToken)
   at Sdk.WebApi.WebApi.RawHttpClientBase.SendAsync(HttpRequestMessage message, HttpCompletionOption completionOption, Object userState, CancellationToken cancellationToken)
   at Sdk.WebApi.WebApi.RawHttpClientBase.SendAsync[T](HttpRequestMessage message, Boolean readErrorBody, Object userState, CancellationToken cancellationToken)
   at Sdk.WebApi.WebApi.RawHttpClientBase.SendAsync[T](HttpMethod method, IEnumerable`1 additionalHeaders, Uri requestUri, HttpContent content, IEnumerable`1 queryParameters, Boolean readErrorBody, Object userState, CancellationToken cancellationToken)
   at GitHub.Actions.RunService.WebApi.BrokerHttpClient.GetRunnerMessageAsync(Nullable`1 sessionId, String runnerVersion, Nullable`1 status, String os, String architecture, Nullable`1 disableUpdate, CancellationToken cancellationToken)
   at GitHub.Runner.Common.BrokerServer.<>c__DisplayClass7_0.<<GetRunnerMessageAsync>b__0>d.MoveNext()
--- End of stack trace from previous location ---
   at GitHub.Runner.Common.RunnerService.RetryRequest[T](Func`1 func, CancellationToken cancellationToken, Int32 maxRetryAttemptsCount, Func`2 shouldRetry)
[2025-02-07 03:30:38Z ERR  BrokerServer] #####################################################
[2025-02-07 03:30:38Z ERR  BrokerServer] System.Net.Sockets.SocketException (10013): An attempt was made to access a socket in a way forbidden by its access permissions.
   at System.Net.Sockets.Socket.AwaitableSocketAsyncEventArgs.ThrowException(SocketError error, CancellationToken cancellationToken)
   at System.Net.Sockets.Socket.AwaitableSocketAsyncEventArgs.System.Threading.Tasks.Sources.IValueTaskSource.GetResult(Int16 token)
   at System.Net.Sockets.Socket.<ConnectAsync>g__WaitForConnectWithCancellation|285_0(AwaitableSocketAsyncEventArgs saea, ValueTask connectTask, CancellationToken cancellationToken)
   at System.Net.Http.HttpConnectionPool.ConnectToTcpHostAsync(String host, Int32 port, HttpRequestMessage initialRequest, Boolean async, CancellationToken cancellationToken)
[2025-02-07 03:30:38Z WARN BrokerServer] Back off 14.286 seconds before next retry. 4 attempt left.
[2025-02-07 03:30:52Z ERR  GitHubActionsService] GET request to https://broker.actions.githubusercontent.com/message?sessionId=722233a3-3151-4625-82fd-d9c5d1d3b449&status=Busy&runnerVersion=2.322.0&os=Windows&architecture=X64&disableUpdate=false failed. System.Net.Http.HttpRequestException: An attempt was made to access a socket in a way forbidden by its access permissions. (broker.actions.githubusercontent.com:443)
 ---> System.Net.Sockets.SocketException (10013): An attempt was made to access a socket in a way forbidden by its access permissions.
   at System.Net.Sockets.Socket.AwaitableSocketAsyncEventArgs.ThrowException(SocketError error, CancellationToken cancellationToken)
   at System.Net.Sockets.Socket.AwaitableSocketAsyncEventArgs.System.Threading.Tasks.Sources.IValueTaskSource.GetResult(Int16 token)
   at System.Net.Sockets.Socket.<ConnectAsync>g__WaitForConnectWithCancellation|285_0(AwaitableSocketAsyncEventArgs saea, ValueTask connectTask, CancellationToken cancellationToken)
   at System.Net.Http.HttpConnectionPool.ConnectToTcpHostAsync(String host, Int32 port, HttpRequestMessage initialRequest, Boolean async, CancellationToken cancellationToken)
   --- End of inner exception stack trace ---
   at System.Net.Http.HttpConnectionPool.ConnectToTcpHostAsync(String host, Int32 port, HttpRequestMessage initialRequest, Boolean async, CancellationToken cancellationToken)
   at System.Net.Http.HttpConnectionPool.ConnectAsync(HttpRequestMessage request, Boolean async, CancellationToken cancellationToken)
   at System.Net.Http.HttpConnectionPool.CreateHttp11ConnectionAsync(HttpRequestMessage request, Boolean async, CancellationToken cancellationToken)
   at System.Net.Http.HttpConnectionPool.AddHttp11ConnectionAsync(QueueItem queueItem)
   at System.Threading.Tasks.TaskCompletionSourceWithCancellation`1.WaitWithCancellationAsync(CancellationToken cancellationToken)
   at System.Net.Http.HttpConnectionPool.SendWithVersionDetectionAndRetryAsync(HttpRequestMessage request, Boolean async, Boolean doRequestAuth, CancellationToken cancellationToken)
   at System.Net.Http.AuthenticationHelper.SendWithAuthAsync(HttpRequestMessage request, Uri authUri, Boolean async, ICredentials credentials, Boolean preAuthenticate, Boolean isProxyAuth, Boolean doRequestAuth, HttpConnectionPool pool, CancellationToken cancellationToken)
   at System.Net.Http.RedirectHandler.SendAsync(HttpRequestMessage request, Boolean async, CancellationToken cancellationToken)
   at GitHub.Services.Common.RawHttpMessageHandler.SendAsync(HttpRequestMessage request, CancellationToken cancellationToken)
   at GitHub.Services.Common.VssHttpRetryMessageHandler.SendAsync(HttpRequestMessage request, CancellationToken cancellationToken)
[2025-02-07 03:30:52Z ERR  BrokerServer] Catch exception during request
[2025-02-07 03:30:52Z ERR  BrokerServer] System.Net.Http.HttpRequestException: An attempt was made to access a socket in a way forbidden by its access permissions. (broker.actions.githubusercontent.com:443)
 ---> System.Net.Sockets.SocketException (10013): An attempt was made to access a socket in a way forbidden by its access permissions.
   at System.Net.Sockets.Socket.AwaitableSocketAsyncEventArgs.ThrowException(SocketError error, CancellationToken cancellationToken)
   at System.Net.Sockets.Socket.AwaitableSocketAsyncEventArgs.System.Threading.Tasks.Sources.IValueTaskSource.GetResult(Int16 token)
   at System.Net.Sockets.Socket.<ConnectAsync>g__WaitForConnectWithCancellation|285_0(AwaitableSocketAsyncEventArgs saea, ValueTask connectTask, CancellationToken cancellationToken)
   at System.Net.Http.HttpConnectionPool.ConnectToTcpHostAsync(String host, Int32 port, HttpRequestMessage initialRequest, Boolean async, CancellationToken cancellationToken)
   --- End of inner exception stack trace ---
   at GitHub.Services.Common.VssHttpRetryMessageHandler.SendAsync(HttpRequestMessage request, CancellationToken cancellationToken)
   at System.Net.Http.HttpClient.<SendAsync>g__Core|83_0(HttpRequestMessage request, HttpCompletionOption completionOption, CancellationTokenSource cts, Boolean disposeCts, CancellationTokenSource pendingRequestsCts, CancellationToken originalCancellationToken)
   at Sdk.WebApi.WebApi.RawHttpClientBase.SendAsync(HttpRequestMessage message, HttpCompletionOption completionOption, Object userState, CancellationToken cancellationToken)
   at Sdk.WebApi.WebApi.RawHttpClientBase.SendAsync[T](HttpRequestMessage message, Boolean readErrorBody, Object userState, CancellationToken cancellationToken)
   at Sdk.WebApi.WebApi.RawHttpClientBase.SendAsync[T](HttpMethod method, IEnumerable`1 additionalHeaders, Uri requestUri, HttpContent content, IEnumerable`1 queryParameters, Boolean readErrorBody, Object userState, CancellationToken cancellationToken)
   at GitHub.Actions.RunService.WebApi.BrokerHttpClient.GetRunnerMessageAsync(Nullable`1 sessionId, String runnerVersion, Nullable`1 status, String os, String architecture, Nullable`1 disableUpdate, CancellationToken cancellationToken)
   at GitHub.Runner.Common.BrokerServer.<>c__DisplayClass7_0.<<GetRunnerMessageAsync>b__0>d.MoveNext()
--- End of stack trace from previous location ---
   at GitHub.Runner.Common.RunnerService.RetryRequest[T](Func`1 func, CancellationToken cancellationToken, Int32 maxRetryAttemptsCount, Func`2 shouldRetry)
[2025-02-07 03:30:52Z ERR  BrokerServer] #####################################################
[2025-02-07 03:30:52Z ERR  BrokerServer] System.Net.Sockets.SocketException (10013): An attempt was made to access a socket in a way forbidden by its access permissions.
   at System.Net.Sockets.Socket.AwaitableSocketAsyncEventArgs.ThrowException(SocketError error, CancellationToken cancellationToken)
   at System.Net.Sockets.Socket.AwaitableSocketAsyncEventArgs.System.Threading.Tasks.Sources.IValueTaskSource.GetResult(Int16 token)
   at System.Net.Sockets.Socket.<ConnectAsync>g__WaitForConnectWithCancellation|285_0(AwaitableSocketAsyncEventArgs saea, ValueTask connectTask, CancellationToken cancellationToken)
   at System.Net.Http.HttpConnectionPool.ConnectToTcpHostAsync(String host, Int32 port, HttpRequestMessage initialRequest, Boolean async, CancellationToken cancellationToken)
[2025-02-07 03:30:52Z WARN BrokerServer] Back off 14.789 seconds before next retry. 3 attempt left.
[2025-02-07 03:31:07Z ERR  GitHubActionsService] GET request to https://broker.actions.githubusercontent.com/message?sessionId=722233a3-3151-4625-82fd-d9c5d1d3b449&status=Busy&runnerVersion=2.322.0&os=Windows&architecture=X64&disableUpdate=false failed. System.Net.Http.HttpRequestException: An attempt was made to access a socket in a way forbidden by its access permissions. (broker.actions.githubusercontent.com:443)
 ---> System.Net.Sockets.SocketException (10013): An attempt was made to access a socket in a way forbidden by its access permissions.
   at System.Net.Sockets.Socket.AwaitableSocketAsyncEventArgs.ThrowException(SocketError error, CancellationToken cancellationToken)
   at System.Net.Sockets.Socket.AwaitableSocketAsyncEventArgs.System.Threading.Tasks.Sources.IValueTaskSource.GetResult(Int16 token)
   at System.Net.Sockets.Socket.<ConnectAsync>g__WaitForConnectWithCancellation|285_0(AwaitableSocketAsyncEventArgs saea, ValueTask connectTask, CancellationToken cancellationToken)
   at System.Net.Http.HttpConnectionPool.ConnectToTcpHostAsync(String host, Int32 port, HttpRequestMessage initialRequest, Boolean async, CancellationToken cancellationToken)
   --- End of inner exception stack trace ---
   at System.Net.Http.HttpConnectionPool.ConnectToTcpHostAsync(String host, Int32 port, HttpRequestMessage initialRequest, Boolean async, CancellationToken cancellationToken)
   at System.Net.Http.HttpConnectionPool.ConnectAsync(HttpRequestMessage request, Boolean async, CancellationToken cancellationToken)
   at System.Net.Http.HttpConnectionPool.CreateHttp11ConnectionAsync(HttpRequestMessage request, Boolean async, CancellationToken cancellationToken)
   at System.Net.Http.HttpConnectionPool.AddHttp11ConnectionAsync(QueueItem queueItem)
   at System.Threading.Tasks.TaskCompletionSourceWithCancellation`1.WaitWithCancellationAsync(CancellationToken cancellationToken)
   at System.Net.Http.HttpConnectionPool.SendWithVersionDetectionAndRetryAsync(HttpRequestMessage request, Boolean async, Boolean doRequestAuth, CancellationToken cancellationToken)
   at System.Net.Http.AuthenticationHelper.SendWithAuthAsync(HttpRequestMessage request, Uri authUri, Boolean async, ICredentials credentials, Boolean preAuthenticate, Boolean isProxyAuth, Boolean doRequestAuth, HttpConnectionPool pool, CancellationToken cancellationToken)
   at System.Net.Http.RedirectHandler.SendAsync(HttpRequestMessage request, Boolean async, CancellationToken cancellationToken)
   at GitHub.Services.Common.RawHttpMessageHandler.SendAsync(HttpRequestMessage request, CancellationToken cancellationToken)
   at GitHub.Services.Common.VssHttpRetryMessageHandler.SendAsync(HttpRequestMessage request, CancellationToken cancellationToken)
[2025-02-07 03:31:07Z ERR  BrokerServer] Catch exception during request
[2025-02-07 03:31:07Z ERR  BrokerServer] System.Net.Http.HttpRequestException: An attempt was made to access a socket in a way forbidden by its access permissions. (broker.actions.githubusercontent.com:443)
 ---> System.Net.Sockets.SocketException (10013): An attempt was made to access a socket in a way forbidden by its access permissions.
   at System.Net.Sockets.Socket.AwaitableSocketAsyncEventArgs.ThrowException(SocketError error, CancellationToken cancellationToken)
   at System.Net.Sockets.Socket.AwaitableSocketAsyncEventArgs.System.Threading.Tasks.Sources.IValueTaskSource.GetResult(Int16 token)
   at System.Net.Sockets.Socket.<ConnectAsync>g__WaitForConnectWithCancellation|285_0(AwaitableSocketAsyncEventArgs saea, ValueTask connectTask, CancellationToken cancellationToken)
   at System.Net.Http.HttpConnectionPool.ConnectToTcpHostAsync(String host, Int32 port, HttpRequestMessage initialRequest, Boolean async, CancellationToken cancellationToken)
   --- End of inner exception stack trace ---
   at GitHub.Services.Common.VssHttpRetryMessageHandler.SendAsync(HttpRequestMessage request, CancellationToken cancellationToken)
   at System.Net.Http.HttpClient.<SendAsync>g__Core|83_0(HttpRequestMessage request, HttpCompletionOption completionOption, CancellationTokenSource cts, Boolean disposeCts, CancellationTokenSource pendingRequestsCts, CancellationToken originalCancellationToken)
   at Sdk.WebApi.WebApi.RawHttpClientBase.SendAsync(HttpRequestMessage message, HttpCompletionOption completionOption, Object userState, CancellationToken cancellationToken)
   at Sdk.WebApi.WebApi.RawHttpClientBase.SendAsync[T](HttpRequestMessage message, Boolean readErrorBody, Object userState, CancellationToken cancellationToken)
   at Sdk.WebApi.WebApi.RawHttpClientBase.SendAsync[T](HttpMethod method, IEnumerable`1 additionalHeaders, Uri requestUri, HttpContent content, IEnumerable`1 queryParameters, Boolean readErrorBody, Object userState, CancellationToken cancellationToken)
   at GitHub.Actions.RunService.WebApi.BrokerHttpClient.GetRunnerMessageAsync(Nullable`1 sessionId, String runnerVersion, Nullable`1 status, String os, String architecture, Nullable`1 disableUpdate, CancellationToken cancellationToken)
   at GitHub.Runner.Common.BrokerServer.<>c__DisplayClass7_0.<<GetRunnerMessageAsync>b__0>d.MoveNext()
--- End of stack trace from previous location ---
   at GitHub.Runner.Common.RunnerService.RetryRequest[T](Func`1 func, CancellationToken cancellationToken, Int32 maxRetryAttemptsCount, Func`2 shouldRetry)
[2025-02-07 03:31:07Z ERR  BrokerServer] #####################################################
[2025-02-07 03:31:07Z ERR  BrokerServer] System.Net.Sockets.SocketException (10013): An attempt was made to access a socket in a way forbidden by its access permissions.
   at System.Net.Sockets.Socket.AwaitableSocketAsyncEventArgs.ThrowException(SocketError error, CancellationToken cancellationToken)
   at System.Net.Sockets.Socket.AwaitableSocketAsyncEventArgs.System.Threading.Tasks.Sources.IValueTaskSource.GetResult(Int16 token)
   at System.Net.Sockets.Socket.<ConnectAsync>g__WaitForConnectWithCancellation|285_0(AwaitableSocketAsyncEventArgs saea, ValueTask connectTask, CancellationToken cancellationToken)
   at System.Net.Http.HttpConnectionPool.ConnectToTcpHostAsync(String host, Int32 port, HttpRequestMessage initialRequest, Boolean async, CancellationToken cancellationToken)
[2025-02-07 03:31:07Z WARN BrokerServer] Back off 6.559 seconds before next retry. 2 attempt left.
[2025-02-07 03:31:14Z ERR  GitHubActionsService] GET request to https://broker.actions.githubusercontent.com/message?sessionId=722233a3-3151-4625-82fd-d9c5d1d3b449&status=Busy&runnerVersion=2.322.0&os=Windows&architecture=X64&disableUpdate=false failed. System.Net.Http.HttpRequestException: An attempt was made to access a socket in a way forbidden by its access permissions. (broker.actions.githubusercontent.com:443)
 ---> System.Net.Sockets.SocketException (10013): An attempt was made to access a socket in a way forbidden by its access permissions.
   at System.Net.Sockets.Socket.AwaitableSocketAsyncEventArgs.ThrowException(SocketError error, CancellationToken cancellationToken)
   at System.Net.Sockets.Socket.AwaitableSocketAsyncEventArgs.System.Threading.Tasks.Sources.IValueTaskSource.GetResult(Int16 token)
   at System.Net.Sockets.Socket.<ConnectAsync>g__WaitForConnectWithCancellation|285_0(AwaitableSocketAsyncEventArgs saea, ValueTask connectTask, CancellationToken cancellationToken)
   at System.Net.Http.HttpConnectionPool.ConnectToTcpHostAsync(String host, Int32 port, HttpRequestMessage initialRequest, Boolean async, CancellationToken cancellationToken)
   --- End of inner exception stack trace ---
   at System.Net.Http.HttpConnectionPool.ConnectToTcpHostAsync(String host, Int32 port, HttpRequestMessage initialRequest, Boolean async, CancellationToken cancellationToken)
   at System.Net.Http.HttpConnectionPool.ConnectAsync(HttpRequestMessage request, Boolean async, CancellationToken cancellationToken)
   at System.Net.Http.HttpConnectionPool.CreateHttp11ConnectionAsync(HttpRequestMessage request, Boolean async, CancellationToken cancellationToken)
   at System.Net.Http.HttpConnectionPool.AddHttp11ConnectionAsync(QueueItem queueItem)
   at System.Threading.Tasks.TaskCompletionSourceWithCancellation`1.WaitWithCancellationAsync(CancellationToken cancellationToken)
   at System.Net.Http.HttpConnectionPool.SendWithVersionDetectionAndRetryAsync(HttpRequestMessage request, Boolean async, Boolean doRequestAuth, CancellationToken cancellationToken)
   at System.Net.Http.AuthenticationHelper.SendWithAuthAsync(HttpRequestMessage request, Uri authUri, Boolean async, ICredentials credentials, Boolean preAuthenticate, Boolean isProxyAuth, Boolean doRequestAuth, HttpConnectionPool pool, CancellationToken cancellationToken)
   at System.Net.Http.RedirectHandler.SendAsync(HttpRequestMessage request, Boolean async, CancellationToken cancellationToken)
   at GitHub.Services.Common.RawHttpMessageHandler.SendAsync(HttpRequestMessage request, CancellationToken cancellationToken)
   at GitHub.Services.Common.VssHttpRetryMessageHandler.SendAsync(HttpRequestMessage request, CancellationToken cancellationToken)
[2025-02-07 03:31:14Z ERR  BrokerServer] Catch exception during request
[2025-02-07 03:31:14Z ERR  BrokerServer] System.Net.Http.HttpRequestException: An attempt was made to access a socket in a way forbidden by its access permissions. (broker.actions.githubusercontent.com:443)
 ---> System.Net.Sockets.SocketException (10013): An attempt was made to access a socket in a way forbidden by its access permissions.
   at System.Net.Sockets.Socket.AwaitableSocketAsyncEventArgs.ThrowException(SocketError error, CancellationToken cancellationToken)
   at System.Net.Sockets.Socket.AwaitableSocketAsyncEventArgs.System.Threading.Tasks.Sources.IValueTaskSource.GetResult(Int16 token)
   at System.Net.Sockets.Socket.<ConnectAsync>g__WaitForConnectWithCancellation|285_0(AwaitableSocketAsyncEventArgs saea, ValueTask connectTask, CancellationToken cancellationToken)
   at System.Net.Http.HttpConnectionPool.ConnectToTcpHostAsync(String host, Int32 port, HttpRequestMessage initialRequest, Boolean async, CancellationToken cancellationToken)
   --- End of inner exception stack trace ---
   at GitHub.Services.Common.VssHttpRetryMessageHandler.SendAsync(HttpRequestMessage request, CancellationToken cancellationToken)
   at System.Net.Http.HttpClient.<SendAsync>g__Core|83_0(HttpRequestMessage request, HttpCompletionOption completionOption, CancellationTokenSource cts, Boolean disposeCts, CancellationTokenSource pendingRequestsCts, CancellationToken originalCancellationToken)
   at Sdk.WebApi.WebApi.RawHttpClientBase.SendAsync(HttpRequestMessage message, HttpCompletionOption completionOption, Object userState, CancellationToken cancellationToken)
   at Sdk.WebApi.WebApi.RawHttpClientBase.SendAsync[T](HttpRequestMessage message, Boolean readErrorBody, Object userState, CancellationToken cancellationToken)
   at Sdk.WebApi.WebApi.RawHttpClientBase.SendAsync[T](HttpMethod method, IEnumerable`1 additionalHeaders, Uri requestUri, HttpContent content, IEnumerable`1 queryParameters, Boolean readErrorBody, Object userState, CancellationToken cancellationToken)
   at GitHub.Actions.RunService.WebApi.BrokerHttpClient.GetRunnerMessageAsync(Nullable`1 sessionId, String runnerVersion, Nullable`1 status, String os, String architecture, Nullable`1 disableUpdate, CancellationToken cancellationToken)
   at GitHub.Runner.Common.BrokerServer.<>c__DisplayClass7_0.<<GetRunnerMessageAsync>b__0>d.MoveNext()
--- End of stack trace from previous location ---
   at GitHub.Runner.Common.RunnerService.RetryRequest[T](Func`1 func, CancellationToken cancellationToken, Int32 maxRetryAttemptsCount, Func`2 shouldRetry)
[2025-02-07 03:31:14Z ERR  BrokerServer] #####################################################
[2025-02-07 03:31:14Z ERR  BrokerServer] System.Net.Sockets.SocketException (10013): An attempt was made to access a socket in a way forbidden by its access permissions.
   at System.Net.Sockets.Socket.AwaitableSocketAsyncEventArgs.ThrowException(SocketError error, CancellationToken cancellationToken)
   at System.Net.Sockets.Socket.AwaitableSocketAsyncEventArgs.System.Threading.Tasks.Sources.IValueTaskSource.GetResult(Int16 token)
   at System.Net.Sockets.Socket.<ConnectAsync>g__WaitForConnectWithCancellation|285_0(AwaitableSocketAsyncEventArgs saea, ValueTask connectTask, CancellationToken cancellationToken)
   at System.Net.Http.HttpConnectionPool.ConnectToTcpHostAsync(String host, Int32 port, HttpRequestMessage initialRequest, Boolean async, CancellationToken cancellationToken)
[2025-02-07 03:31:14Z WARN BrokerServer] Back off 11.255 seconds before next retry. 1 attempt left.
[2025-02-07 03:31:27Z INFO RSAEncryptedFileKeyManager] Loading RSA key parameters from file C:\Users\1033509\WorkSpace\plat-bulk-parquet-converter\actions-runner\.credentials_rsaparams
[2025-02-07 03:31:28Z INFO GitHubActionsService] AAD Correlation ID for this token request: Unknown
[2025-02-07 03:32:18Z INFO MessageListener] No message retrieved from session '722233a3-3151-4625-82fd-d9c5d1d3b449' within last 30 minutes.
[2025-02-07 03:32:20Z INFO RSAEncryptedFileKeyManager] Loading RSA key parameters from file C:\Users\1033509\WorkSpace\plat-bulk-parquet-converter\actions-runner\.credentials_rsaparams
[2025-02-07 03:32:21Z INFO GitHubActionsService] AAD Correlation ID for this token request: Unknown
[2025-02-07 04:02:46Z INFO MessageListener] No message retrieved from session '722233a3-3151-4625-82fd-d9c5d1d3b449' within last 30 minutes.
[2025-02-07 04:22:12Z INFO RSAEncryptedFileKeyManager] Loading RSA key parameters from file C:\Users\1033509\WorkSpace\plat-bulk-parquet-converter\actions-runner\.credentials_rsaparams
[2025-02-07 04:22:13Z INFO GitHubActionsService] AAD Correlation ID for this token request: Unknown
[2025-02-07 04:28:08Z INFO RSAEncryptedFileKeyManager] Loading RSA key parameters from file C:\Users\1033509\WorkSpace\plat-bulk-parquet-converter\actions-runner\.credentials_rsaparams
[2025-02-07 04:28:10Z INFO GitHubActionsService] AAD Correlation ID for this token request: Unknown
[2025-02-07 04:33:15Z INFO MessageListener] No message retrieved from session '722233a3-3151-4625-82fd-d9c5d1d3b449' within last 30 minutes.
[2025-02-07 05:03:40Z INFO MessageListener] No message retrieved from session '722233a3-3151-4625-82fd-d9c5d1d3b449' within last 30 minutes.
[2025-02-07 05:12:59Z INFO RSAEncryptedFileKeyManager] Loading RSA key parameters from file C:\Users\1033509\WorkSpace\plat-bulk-parquet-converter\actions-runner\.credentials_rsaparams
[2025-02-07 05:13:00Z INFO GitHubActionsService] AAD Correlation ID for this token request: Unknown
[2025-02-07 05:24:00Z INFO RSAEncryptedFileKeyManager] Loading RSA key parameters from file C:\Users\1033509\WorkSpace\plat-bulk-parquet-converter\actions-runner\.credentials_rsaparams
[2025-02-07 05:24:02Z INFO GitHubActionsService] AAD Correlation ID for this token request: Unknown
[2025-02-07 05:34:10Z INFO MessageListener] No message retrieved from session '722233a3-3151-4625-82fd-d9c5d1d3b449' within last 30 minutes.
[2025-02-07 06:03:47Z INFO RSAEncryptedFileKeyManager] Loading RSA key parameters from file C:\Users\1033509\WorkSpace\plat-bulk-parquet-converter\actions-runner\.credentials_rsaparams
[2025-02-07 06:03:49Z INFO GitHubActionsService] AAD Correlation ID for this token request: Unknown
[2025-02-07 06:04:39Z INFO MessageListener] No message retrieved from session '722233a3-3151-4625-82fd-d9c5d1d3b449' within last 30 minutes.
[2025-02-07 06:19:02Z INFO RSAEncryptedFileKeyManager] Loading RSA key parameters from file C:\Users\1033509\WorkSpace\plat-bulk-parquet-converter\actions-runner\.credentials_rsaparams
[2025-02-07 06:19:04Z INFO GitHubActionsService] AAD Correlation ID for this token request: Unknown
[2025-02-07 06:35:09Z INFO MessageListener] No message retrieved from session '722233a3-3151-4625-82fd-d9c5d1d3b449' within last 30 minutes.
[2025-02-07 06:54:36Z INFO RSAEncryptedFileKeyManager] Loading RSA key parameters from file C:\Users\1033509\WorkSpace\plat-bulk-parquet-converter\actions-runner\.credentials_rsaparams
[2025-02-07 06:54:37Z INFO GitHubActionsService] AAD Correlation ID for this token request: Unknown
[2025-02-07 07:05:36Z INFO MessageListener] No message retrieved from session '722233a3-3151-4625-82fd-d9c5d1d3b449' within last 30 minutes.
[2025-02-07 07:15:54Z WARN GitHubActionsService] GET request to https://pipelinesghubeus6.actions.githubusercontent.com/X5XTlu9XgqtC3fHMnS4JVoB8GrJzdEthU48HSwhEo0HNeqTWr3/_apis/distributedtask/pools/1/messages?sessionId=722233a3-3151-4625-82fd-d9c5d1d3b449&lastMessageId=4671603898733911080&status=Online&runnerVersion=2.322.0&os=Windows&architecture=X64&disableUpdate=false timed out after 60 seconds.
[2025-02-07 07:15:54Z ERR  MessageListener] Catch exception during get next message.
[2025-02-07 07:15:54Z ERR  MessageListener] System.TimeoutException: The HTTP request timed out after 00:01:00.
 ---> System.Threading.Tasks.TaskCanceledException: The operation was canceled.
 ---> System.IO.IOException: Unable to read data from the transport connection: The I/O operation has been aborted because of either a thread exit or an application request..
 ---> System.Net.Sockets.SocketException (995): The I/O operation has been aborted because of either a thread exit or an application request.
   --- End of inner exception stack trace ---
   at System.Net.Sockets.Socket.AwaitableSocketAsyncEventArgs.ThrowException(SocketError error, CancellationToken cancellationToken)
   at System.Net.Sockets.Socket.AwaitableSocketAsyncEventArgs.System.Threading.Tasks.Sources.IValueTaskSource<System.Int32>.GetResult(Int16 token)
   at System.Net.Security.SslStream.EnsureFullTlsFrameAsync[TIOAdapter](CancellationToken cancellationToken, Int32 estimatedSize)
   at System.Runtime.CompilerServices.PoolingAsyncValueTaskMethodBuilder`1.StateMachineBox`1.System.Threading.Tasks.Sources.IValueTaskSource<TResult>.GetResult(Int16 token)
   at System.Net.Security.SslStream.ReadAsyncInternal[TIOAdapter](Memory`1 buffer, CancellationToken cancellationToken)
   at System.Runtime.CompilerServices.PoolingAsyncValueTaskMethodBuilder`1.StateMachineBox`1.System.Threading.Tasks.Sources.IValueTaskSource<TResult>.GetResult(Int16 token)
   at System.Net.Http.HttpConnection.<EnsureReadAheadTaskHasStarted>g__ReadAheadWithZeroByteReadAsync|40_0()
   at System.Net.Http.HttpConnection.SendAsync(HttpRequestMessage request, Boolean async, CancellationToken cancellationToken)
   --- End of inner exception stack trace ---
   at System.Net.Http.HttpConnection.SendAsync(HttpRequestMessage request, Boolean async, CancellationToken cancellationToken)
   at System.Net.Http.AuthenticationHelper.SendWithNtAuthAsync(HttpRequestMessage request, Uri authUri, Boolean async, ICredentials credentials, Boolean isProxyAuth, HttpConnection connection, HttpConnectionPool connectionPool, CancellationToken cancellationToken)
   at System.Net.Http.HttpConnectionPool.SendWithVersionDetectionAndRetryAsync(HttpRequestMessage request, Boolean async, Boolean doRequestAuth, CancellationToken cancellationToken)
   at System.Net.Http.AuthenticationHelper.SendWithAuthAsync(HttpRequestMessage request, Uri authUri, Boolean async, ICredentials credentials, Boolean preAuthenticate, Boolean isProxyAuth, Boolean doRequestAuth, HttpConnectionPool pool, CancellationToken cancellationToken)
   at System.Net.Http.DecompressionHandler.SendAsync(HttpRequestMessage request, Boolean async, CancellationToken cancellationToken)
   at GitHub.Services.Common.VssHttpMessageHandler.SendAsync(HttpRequestMessage request, CancellationToken cancellationToken)
   --- End of inner exception stack trace ---
   at GitHub.Services.Common.VssHttpMessageHandler.SendAsync(HttpRequestMessage request, CancellationToken cancellationToken)
   at GitHub.Services.Common.VssHttpRetryMessageHandler.SendAsync(HttpRequestMessage request, CancellationToken cancellationToken)
   at System.Net.Http.HttpClient.<SendAsync>g__Core|83_0(HttpRequestMessage request, HttpCompletionOption completionOption, CancellationTokenSource cts, Boolean disposeCts, CancellationTokenSource pendingRequestsCts, CancellationToken originalCancellationToken)
   at GitHub.Services.WebApi.VssHttpClientBase.SendAsync(HttpRequestMessage message, HttpCompletionOption completionOption, Object userState, CancellationToken cancellationToken)
   at GitHub.Services.WebApi.VssHttpClientBase.SendAsync[T](HttpRequestMessage message, Object userState, CancellationToken cancellationToken)
   at GitHub.Services.WebApi.VssHttpClientBase.SendAsync[T](HttpMethod method, IEnumerable`1 additionalHeaders, Guid locationId, Object routeValues, ApiResourceVersion version, HttpContent content, IEnumerable`1 queryParameters, Object userState, CancellationToken cancellationToken)
   at GitHub.Runner.Listener.MessageListener.GetNextMessageAsync(CancellationToken token)
[2025-02-07 07:15:54Z ERR  MessageListener] #####################################################
[2025-02-07 07:15:54Z ERR  MessageListener] System.Threading.Tasks.TaskCanceledException: The operation was canceled.
 ---> System.IO.IOException: Unable to read data from the transport connection: The I/O operation has been aborted because of either a thread exit or an application request..
 ---> System.Net.Sockets.SocketException (995): The I/O operation has been aborted because of either a thread exit or an application request.
   --- End of inner exception stack trace ---
   at System.Net.Sockets.Socket.AwaitableSocketAsyncEventArgs.ThrowException(SocketError error, CancellationToken cancellationToken)
   at System.Net.Sockets.Socket.AwaitableSocketAsyncEventArgs.System.Threading.Tasks.Sources.IValueTaskSource<System.Int32>.GetResult(Int16 token)
   at System.Net.Security.SslStream.EnsureFullTlsFrameAsync[TIOAdapter](CancellationToken cancellationToken, Int32 estimatedSize)
   at System.Runtime.CompilerServices.PoolingAsyncValueTaskMethodBuilder`1.StateMachineBox`1.System.Threading.Tasks.Sources.IValueTaskSource<TResult>.GetResult(Int16 token)
   at System.Net.Security.SslStream.ReadAsyncInternal[TIOAdapter](Memory`1 buffer, CancellationToken cancellationToken)
   at System.Runtime.CompilerServices.PoolingAsyncValueTaskMethodBuilder`1.StateMachineBox`1.System.Threading.Tasks.Sources.IValueTaskSource<TResult>.GetResult(Int16 token)
   at System.Net.Http.HttpConnection.<EnsureReadAheadTaskHasStarted>g__ReadAheadWithZeroByteReadAsync|40_0()
   at System.Net.Http.HttpConnection.SendAsync(HttpRequestMessage request, Boolean async, CancellationToken cancellationToken)
   --- End of inner exception stack trace ---
   at System.Net.Http.HttpConnection.SendAsync(HttpRequestMessage request, Boolean async, CancellationToken cancellationToken)
   at System.Net.Http.AuthenticationHelper.SendWithNtAuthAsync(HttpRequestMessage request, Uri authUri, Boolean async, ICredentials credentials, Boolean isProxyAuth, HttpConnection connection, HttpConnectionPool connectionPool, CancellationToken cancellationToken)
   at System.Net.Http.HttpConnectionPool.SendWithVersionDetectionAndRetryAsync(HttpRequestMessage request, Boolean async, Boolean doRequestAuth, CancellationToken cancellationToken)
   at System.Net.Http.AuthenticationHelper.SendWithAuthAsync(HttpRequestMessage request, Uri authUri, Boolean async, ICredentials credentials, Boolean preAuthenticate, Boolean isProxyAuth, Boolean doRequestAuth, HttpConnectionPool pool, CancellationToken cancellationToken)
   at System.Net.Http.DecompressionHandler.SendAsync(HttpRequestMessage request, Boolean async, CancellationToken cancellationToken)
   at GitHub.Services.Common.VssHttpMessageHandler.SendAsync(HttpRequestMessage request, CancellationToken cancellationToken)
[2025-02-07 07:15:54Z ERR  MessageListener] #####################################################
[2025-02-07 07:15:54Z ERR  MessageListener] System.IO.IOException: Unable to read data from the transport connection: The I/O operation has been aborted because of either a thread exit or an application request..
 ---> System.Net.Sockets.SocketException (995): The I/O operation has been aborted because of either a thread exit or an application request.
   --- End of inner exception stack trace ---
   at System.Net.Sockets.Socket.AwaitableSocketAsyncEventArgs.ThrowException(SocketError error, CancellationToken cancellationToken)
   at System.Net.Sockets.Socket.AwaitableSocketAsyncEventArgs.System.Threading.Tasks.Sources.IValueTaskSource<System.Int32>.GetResult(Int16 token)
   at System.Net.Security.SslStream.EnsureFullTlsFrameAsync[TIOAdapter](CancellationToken cancellationToken, Int32 estimatedSize)
   at System.Runtime.CompilerServices.PoolingAsyncValueTaskMethodBuilder`1.StateMachineBox`1.System.Threading.Tasks.Sources.IValueTaskSource<TResult>.GetResult(Int16 token)
   at System.Net.Security.SslStream.ReadAsyncInternal[TIOAdapter](Memory`1 buffer, CancellationToken cancellationToken)
   at System.Runtime.CompilerServices.PoolingAsyncValueTaskMethodBuilder`1.StateMachineBox`1.System.Threading.Tasks.Sources.IValueTaskSource<TResult>.GetResult(Int16 token)
   at System.Net.Http.HttpConnection.<EnsureReadAheadTaskHasStarted>g__ReadAheadWithZeroByteReadAsync|40_0()
   at System.Net.Http.HttpConnection.SendAsync(HttpRequestMessage request, Boolean async, CancellationToken cancellationToken)
[2025-02-07 07:15:54Z ERR  MessageListener] #####################################################
[2025-02-07 07:15:54Z ERR  MessageListener] System.Net.Sockets.SocketException (995): The I/O operation has been aborted because of either a thread exit or an application request.
[2025-02-07 07:15:54Z INFO MessageListener] Retriable exception: The HTTP request timed out after 00:01:00.
[2025-02-07 07:15:54Z ERR  Terminal] WRITE ERROR: 2025-02-07 07:15:54Z: Runner connect error: The HTTP request timed out after 00:01:00.. Retrying until reconnected.
[2025-02-07 07:15:54Z INFO RunnerServer] Refresh MessageQueue VssConnection to get on a different AFD node.
[2025-02-07 07:15:54Z INFO RunnerServer] EstablishVssConnection
[2025-02-07 07:15:54Z INFO RunnerServer] Establish connection with 60 seconds timeout.
[2025-02-07 07:15:54Z INFO GitHubActionsService] Starting operation Location.GetConnectionData
[2025-02-07 07:15:56Z INFO GitHubActionsService] Finished operation Location.GetConnectionData
[2025-02-07 07:15:56Z INFO MessageListener] Sleeping for 25.893 seconds before retrying.
[2025-02-07 07:16:22Z INFO RSAEncryptedFileKeyManager] Loading RSA key parameters from file C:\Users\1033509\WorkSpace\plat-bulk-parquet-converter\actions-runner\.credentials_rsaparams
[2025-02-07 07:16:23Z INFO GitHubActionsService] AAD Correlation ID for this token request: Unknown
[2025-02-07 07:17:16Z INFO Terminal] WRITE LINE: 2025-02-07 07:17:16Z: Runner reconnected.
[2025-02-07 07:35:56Z INFO MessageListener] No message retrieved from session '722233a3-3151-4625-82fd-d9c5d1d3b449' within last 30 minutes.
[2025-02-07 07:45:15Z INFO RSAEncryptedFileKeyManager] Loading RSA key parameters from file C:\Users\1033509\WorkSpace\plat-bulk-parquet-converter\actions-runner\.credentials_rsaparams
[2025-02-07 07:45:16Z INFO GitHubActionsService] AAD Correlation ID for this token request: Unknown
[2025-02-07 08:06:24Z INFO MessageListener] No message retrieved from session '722233a3-3151-4625-82fd-d9c5d1d3b449' within last 30 minutes.
[2025-02-07 08:11:29Z INFO RSAEncryptedFileKeyManager] Loading RSA key parameters from file C:\Users\1033509\WorkSpace\plat-bulk-parquet-converter\actions-runner\.credentials_rsaparams
[2025-02-07 08:11:31Z INFO GitHubActionsService] AAD Correlation ID for this token request: Unknown
[2025-02-07 08:36:02Z INFO RSAEncryptedFileKeyManager] Loading RSA key parameters from file C:\Users\1033509\WorkSpace\plat-bulk-parquet-converter\actions-runner\.credentials_rsaparams
[2025-02-07 08:36:03Z INFO GitHubActionsService] AAD Correlation ID for this token request: Unknown
[2025-02-07 08:36:54Z INFO MessageListener] No message retrieved from session '722233a3-3151-4625-82fd-d9c5d1d3b449' within last 30 minutes.
[2025-02-07 09:06:31Z INFO RSAEncryptedFileKeyManager] Loading RSA key parameters from file C:\Users\1033509\WorkSpace\plat-bulk-parquet-converter\actions-runner\.credentials_rsaparams
[2025-02-07 09:06:32Z INFO GitHubActionsService] AAD Correlation ID for this token request: Unknown
[2025-02-07 09:07:23Z INFO MessageListener] No message retrieved from session '722233a3-3151-4625-82fd-d9c5d1d3b449' within last 30 minutes.
[2025-02-07 09:26:52Z INFO RSAEncryptedFileKeyManager] Loading RSA key parameters from file C:\Users\1033509\WorkSpace\plat-bulk-parquet-converter\actions-runner\.credentials_rsaparams
[2025-02-07 09:26:54Z INFO GitHubActionsService] AAD Correlation ID for this token request: Unknown
[2025-02-07 09:37:53Z INFO MessageListener] No message retrieved from session '722233a3-3151-4625-82fd-d9c5d1d3b449' within last 30 minutes.
[2025-02-07 10:01:36Z INFO RSAEncryptedFileKeyManager] Loading RSA key parameters from file C:\Users\1033509\WorkSpace\plat-bulk-parquet-converter\actions-runner\.credentials_rsaparams
[2025-02-07 10:01:37Z INFO GitHubActionsService] AAD Correlation ID for this token request: Unknown
[2025-02-07 10:08:23Z INFO MessageListener] No message retrieved from session '722233a3-3151-4625-82fd-d9c5d1d3b449' within last 30 minutes.
